<?xml version="1.0" encoding="UTF-8"?>
<testsuite xmlns:xsi="http://www.w3.org/2001/XMLSchema-instance" xsi:noNamespaceSchemaLocation="https://maven.apache.org/surefire/maven-surefire-plugin/xsd/surefire-test-report-3.0.xsd" version="3.0" name="com.desafio.TestRunner" time="9.329" tests="1" errors="0" skipped="0" failures="0">
  <properties>
[...]
</properties>
  <testcase name="testParallel" classname="com.desafio.TestRunner" time="9.309">
    <system-out><![CDATA[20:50:57.990 [main] DEBUG com.intuit.karate.Suite -- [config] classpath:karate-config.js
20:50:57.997 [main] DEBUG com.intuit.karate.Suite -- waiting for 3 features to complete
20:50:58.956 [main] INFO com.intuit.karate -- >> lock acquired, begin callonce: read('auth.feature')
20:50:59.014 [main] DEBUG com.jayway.jsonpath.internal.path.CompiledPath -- Evaluating path: $
20:50:59.049 [main] DEBUG io.netty.util.internal.logging.InternalLoggerFactory -- Using SLF4J as the default logging framework
20:50:59.050 [main] DEBUG io.netty.util.internal.PlatformDependent0 -- -Dio.netty.noUnsafe: false
20:50:59.050 [main] DEBUG io.netty.util.internal.PlatformDependent0 -- Java version: 21
20:50:59.050 [main] DEBUG io.netty.util.internal.PlatformDependent0 -- sun.misc.Unsafe.theUnsafe: available
20:50:59.051 [main] DEBUG io.netty.util.internal.PlatformDependent0 -- sun.misc.Unsafe.copyMemory: available
20:50:59.051 [main] DEBUG io.netty.util.internal.PlatformDependent0 -- sun.misc.Unsafe.storeFence: available
20:50:59.051 [main] DEBUG io.netty.util.internal.PlatformDependent0 -- java.nio.Buffer.address: available
20:50:59.052 [main] DEBUG io.netty.util.internal.PlatformDependent0 -- direct buffer constructor: unavailable: Reflective setAccessible(true) disabled
20:50:59.053 [main] DEBUG io.netty.util.internal.PlatformDependent0 -- java.nio.Bits.unaligned: available, true
20:50:59.054 [main] DEBUG io.netty.util.internal.PlatformDependent0 -- jdk.internal.misc.Unsafe.allocateUninitializedArray(int): unavailable: class io.netty.util.internal.PlatformDependent0$7 cannot access class jdk.internal.misc.Unsafe (in module java.base) because module java.base does not export jdk.internal.misc to unnamed module @77846d2c
20:50:59.056 [main] DEBUG io.netty.util.internal.PlatformDependent0 -- java.nio.DirectByteBuffer.<init>(long, {int,long}): unavailable
20:50:59.056 [main] DEBUG io.netty.util.internal.PlatformDependent -- sun.misc.Unsafe: available
20:50:59.056 [main] DEBUG io.netty.util.internal.PlatformDependent -- -Dio.netty.tmpdir: C:\Users\jonjon\AppData\Local\Temp (java.io.tmpdir)
20:50:59.057 [main] DEBUG io.netty.util.internal.PlatformDependent -- -Dio.netty.bitMode: 64 (sun.arch.data.model)
20:50:59.057 [main] DEBUG io.netty.util.internal.PlatformDependent -- Platform: Windows
20:50:59.058 [main] DEBUG io.netty.util.internal.PlatformDependent -- -Dio.netty.maxDirectMemory: -1 bytes
20:50:59.058 [main] DEBUG io.netty.util.internal.PlatformDependent -- -Dio.netty.uninitializedArrayAllocationThreshold: -1
20:50:59.059 [main] DEBUG io.netty.util.internal.CleanerJava9 -- java.nio.ByteBuffer.cleaner(): available
20:50:59.060 [main] DEBUG io.netty.util.internal.PlatformDependent -- -Dio.netty.noPreferDirect: false
20:50:59.250 [main] DEBUG org.apache.http.client.protocol.RequestAddCookies -- CookieSpec selected: karate
20:50:59.256 [main] DEBUG org.apache.http.client.protocol.RequestAuthCache -- Auth cache not set in the context
20:50:59.257 [main] DEBUG com.intuit.karate -- request:
1 > POST https://bookstore.demoqa.com/Account/v1/User
1 > Content-Type: application/json; charset=UTF-8
1 > Content-Length: 51
1 > Host: bookstore.demoqa.com
1 > Connection: Keep-Alive
1 > User-Agent: Apache-HttpClient/4.5.14 (Java/21.0.9)
1 > Accept-Encoding: gzip,deflate
{"userName":"user_65294","password":"Password@123"}

20:50:59.258 [main] DEBUG org.apache.http.impl.conn.PoolingHttpClientConnectionManager -- Connection request: [route: {s}->https://bookstore.demoqa.com:443][total available: 0; route allocated: 0 of 5; total allocated: 0 of 10]
20:50:59.262 [main] DEBUG org.apache.http.impl.conn.PoolingHttpClientConnectionManager -- Connection leased: [id: 0][route: {s}->https://bookstore.demoqa.com:443][total available: 0; route allocated: 1 of 5; total allocated: 1 of 10]
20:50:59.264 [main] DEBUG org.apache.http.impl.execchain.MainClientExec -- Opening connection {s}->https://bookstore.demoqa.com:443
20:50:59.275 [main] DEBUG org.apache.http.impl.conn.DefaultHttpClientConnectionOperator -- Connecting to bookstore.demoqa.com/176.58.101.124:443
20:50:59.275 [main] DEBUG org.apache.http.conn.ssl.SSLConnectionSocketFactory -- Connecting socket to bookstore.demoqa.com/176.58.101.124:443 with timeout 60000
20:50:59.494 [main] DEBUG org.apache.http.conn.ssl.SSLConnectionSocketFactory -- Enabled protocols: [TLSv1.3, TLSv1.2]
20:50:59.494 [main] DEBUG org.apache.http.conn.ssl.SSLConnectionSocketFactory -- Enabled cipher suites:[TLS_AES_256_GCM_SHA384, TLS_AES_128_GCM_SHA256, TLS_CHACHA20_POLY1305_SHA256, TLS_ECDHE_ECDSA_WITH_AES_256_GCM_SHA384, TLS_ECDHE_ECDSA_WITH_AES_128_GCM_SHA256, TLS_ECDHE_ECDSA_WITH_CHACHA20_POLY1305_SHA256, TLS_ECDHE_RSA_WITH_AES_256_GCM_SHA384, TLS_ECDHE_RSA_WITH_CHACHA20_POLY1305_SHA256, TLS_ECDHE_RSA_WITH_AES_128_GCM_SHA256, TLS_DHE_RSA_WITH_AES_256_GCM_SHA384, TLS_DHE_RSA_WITH_CHACHA20_POLY1305_SHA256, TLS_DHE_DSS_WITH_AES_256_GCM_SHA384, TLS_DHE_RSA_WITH_AES_128_GCM_SHA256, TLS_DHE_DSS_WITH_AES_128_GCM_SHA256, TLS_ECDHE_ECDSA_WITH_AES_256_CBC_SHA384, TLS_ECDHE_RSA_WITH_AES_256_CBC_SHA384, TLS_ECDHE_ECDSA_WITH_AES_128_CBC_SHA256, TLS_ECDHE_RSA_WITH_AES_128_CBC_SHA256, TLS_DHE_RSA_WITH_AES_256_CBC_SHA256, TLS_DHE_DSS_WITH_AES_256_CBC_SHA256, TLS_DHE_RSA_WITH_AES_128_CBC_SHA256, TLS_DHE_DSS_WITH_AES_128_CBC_SHA256, TLS_ECDHE_ECDSA_WITH_AES_256_CBC_SHA, TLS_ECDHE_RSA_WITH_AES_256_CBC_SHA, TLS_ECDHE_ECDSA_WITH_AES_128_CBC_SHA, TLS_ECDHE_RSA_WITH_AES_128_CBC_SHA, TLS_DHE_RSA_WITH_AES_256_CBC_SHA, TLS_DHE_DSS_WITH_AES_256_CBC_SHA, TLS_DHE_RSA_WITH_AES_128_CBC_SHA, TLS_DHE_DSS_WITH_AES_128_CBC_SHA, TLS_RSA_WITH_AES_256_GCM_SHA384, TLS_RSA_WITH_AES_128_GCM_SHA256, TLS_RSA_WITH_AES_256_CBC_SHA256, TLS_RSA_WITH_AES_128_CBC_SHA256, TLS_RSA_WITH_AES_256_CBC_SHA, TLS_RSA_WITH_AES_128_CBC_SHA, TLS_EMPTY_RENEGOTIATION_INFO_SCSV]
20:50:59.494 [main] DEBUG org.apache.http.conn.ssl.SSLConnectionSocketFactory -- Starting handshake
20:50:59.793 [main] DEBUG org.apache.http.conn.ssl.SSLConnectionSocketFactory -- Secure session established
20:50:59.793 [main] DEBUG org.apache.http.conn.ssl.SSLConnectionSocketFactory --  negotiated protocol: TLSv1.3
20:50:59.793 [main] DEBUG org.apache.http.conn.ssl.SSLConnectionSocketFactory --  negotiated cipher suite: TLS_AES_256_GCM_SHA384
20:50:59.793 [main] DEBUG org.apache.http.conn.ssl.SSLConnectionSocketFactory --  peer principal: CN=bookstore.demoqa.com
20:50:59.793 [main] DEBUG org.apache.http.conn.ssl.SSLConnectionSocketFactory --  peer alternative names: [bookstore.demoqa.com, www.bookstore.demoqa.com]
20:50:59.794 [main] DEBUG org.apache.http.conn.ssl.SSLConnectionSocketFactory --  issuer principal: CN=R12, O=Let's Encrypt, C=US
20:50:59.798 [main] DEBUG org.apache.http.impl.conn.DefaultHttpClientConnectionOperator -- Connection established 192.168.1.76:57178<->176.58.101.124:443
20:50:59.798 [main] DEBUG org.apache.http.impl.conn.DefaultManagedHttpClientConnection -- http-outgoing-0: set socket timeout to 60000
20:50:59.798 [main] DEBUG org.apache.http.impl.execchain.MainClientExec -- Executing request POST /Account/v1/User HTTP/1.1
20:50:59.798 [main] DEBUG org.apache.http.impl.execchain.MainClientExec -- Target auth state: UNCHALLENGED
20:50:59.799 [main] DEBUG org.apache.http.impl.execchain.MainClientExec -- Proxy auth state: UNCHALLENGED
20:50:59.799 [main] DEBUG org.apache.http.headers -- http-outgoing-0 >> POST /Account/v1/User HTTP/1.1
20:50:59.799 [main] DEBUG org.apache.http.headers -- http-outgoing-0 >> Content-Type: application/json; charset=UTF-8
20:50:59.799 [main] DEBUG org.apache.http.headers -- http-outgoing-0 >> Content-Length: 51
20:50:59.799 [main] DEBUG org.apache.http.headers -- http-outgoing-0 >> Host: bookstore.demoqa.com
20:50:59.799 [main] DEBUG org.apache.http.headers -- http-outgoing-0 >> Connection: Keep-Alive
20:50:59.799 [main] DEBUG org.apache.http.headers -- http-outgoing-0 >> User-Agent: Apache-HttpClient/4.5.14 (Java/21.0.9)
20:50:59.799 [main] DEBUG org.apache.http.headers -- http-outgoing-0 >> Accept-Encoding: gzip,deflate
20:50:59.800 [main] DEBUG org.apache.http.wire -- http-outgoing-0 >> "POST /Account/v1/User HTTP/1.1[\r][\n]"
20:50:59.800 [main] DEBUG org.apache.http.wire -- http-outgoing-0 >> "Content-Type: application/json; charset=UTF-8[\r][\n]"
20:50:59.800 [main] DEBUG org.apache.http.wire -- http-outgoing-0 >> "Content-Length: 51[\r][\n]"
20:50:59.800 [main] DEBUG org.apache.http.wire -- http-outgoing-0 >> "Host: bookstore.demoqa.com[\r][\n]"
20:50:59.800 [main] DEBUG org.apache.http.wire -- http-outgoing-0 >> "Connection: Keep-Alive[\r][\n]"
20:50:59.800 [main] DEBUG org.apache.http.wire -- http-outgoing-0 >> "User-Agent: Apache-HttpClient/4.5.14 (Java/21.0.9)[\r][\n]"
20:50:59.800 [main] DEBUG org.apache.http.wire -- http-outgoing-0 >> "Accept-Encoding: gzip,deflate[\r][\n]"
20:50:59.800 [main] DEBUG org.apache.http.wire -- http-outgoing-0 >> "[\r][\n]"
20:50:59.800 [main] DEBUG org.apache.http.wire -- http-outgoing-0 >> "{"userName":"user_65294","password":"Password@123"}"
20:51:00.673 [main] DEBUG org.apache.http.wire -- http-outgoing-0 << "HTTP/1.1 201 Created[\r][\n]"
20:51:00.673 [main] DEBUG org.apache.http.wire -- http-outgoing-0 << "Server: nginx/1.17.10 (Ubuntu)[\r][\n]"
20:51:00.673 [main] DEBUG org.apache.http.wire -- http-outgoing-0 << "Date: Sun, 11 Jan 2026 23:51:00 GMT[\r][\n]"
20:51:00.673 [main] DEBUG org.apache.http.wire -- http-outgoing-0 << "Content-Type: application/json; charset=utf-8[\r][\n]"
20:51:00.673 [main] DEBUG org.apache.http.wire -- http-outgoing-0 << "Content-Length: 84[\r][\n]"
20:51:00.673 [main] DEBUG org.apache.http.wire -- http-outgoing-0 << "Connection: keep-alive[\r][\n]"
20:51:00.673 [main] DEBUG org.apache.http.wire -- http-outgoing-0 << "X-Powered-By: Express[\r][\n]"
20:51:00.673 [main] DEBUG org.apache.http.wire -- http-outgoing-0 << "ETag: W/"54-pwNXK9/7rF7T+hXbYswYdach34w"[\r][\n]"
20:51:00.673 [main] DEBUG org.apache.http.wire -- http-outgoing-0 << "[\r][\n]"
20:51:00.673 [main] DEBUG org.apache.http.wire -- http-outgoing-0 << "{"userID":"f3a75802-1e46-442c-8e96-1e58347b6990","username":"user_65294","books":[]}"
20:51:00.675 [main] DEBUG org.apache.http.headers -- http-outgoing-0 << HTTP/1.1 201 Created
20:51:00.675 [main] DEBUG org.apache.http.headers -- http-outgoing-0 << Server: nginx/1.17.10 (Ubuntu)
20:51:00.675 [main] DEBUG org.apache.http.headers -- http-outgoing-0 << Date: Sun, 11 Jan 2026 23:51:00 GMT
20:51:00.675 [main] DEBUG org.apache.http.headers -- http-outgoing-0 << Content-Type: application/json; charset=utf-8
20:51:00.675 [main] DEBUG org.apache.http.headers -- http-outgoing-0 << Content-Length: 84
20:51:00.675 [main] DEBUG org.apache.http.headers -- http-outgoing-0 << Connection: keep-alive
20:51:00.675 [main] DEBUG org.apache.http.headers -- http-outgoing-0 << X-Powered-By: Express
20:51:00.675 [main] DEBUG org.apache.http.headers -- http-outgoing-0 << ETag: W/"54-pwNXK9/7rF7T+hXbYswYdach34w"
20:51:00.677 [main] DEBUG org.apache.http.impl.execchain.MainClientExec -- Connection can be kept alive indefinitely
20:51:00.678 [main] DEBUG org.apache.http.impl.conn.PoolingHttpClientConnectionManager -- Connection [id: 0][route: {s}->https://bookstore.demoqa.com:443] can be kept alive indefinitely
20:51:00.678 [main] DEBUG org.apache.http.impl.conn.DefaultManagedHttpClientConnection -- http-outgoing-0: set socket timeout to 0
20:51:00.678 [main] DEBUG org.apache.http.impl.conn.PoolingHttpClientConnectionManager -- Connection released: [id: 0][route: {s}->https://bookstore.demoqa.com:443][total available: 1; route allocated: 1 of 5; total allocated: 1 of 10]
20:51:00.678 [main] DEBUG org.apache.http.impl.conn.PoolingHttpClientConnectionManager -- Connection manager is shutting down
20:51:00.678 [main] DEBUG org.apache.http.impl.conn.DefaultManagedHttpClientConnection -- http-outgoing-0: Close connection
20:51:00.680 [main] DEBUG org.apache.http.impl.conn.PoolingHttpClientConnectionManager -- Connection manager shut down
20:51:00.680 [main] DEBUG com.intuit.karate -- response time in milliseconds: 1421
1 < 201
1 < Server: nginx/1.17.10 (Ubuntu)
1 < Date: Sun, 11 Jan 2026 23:51:00 GMT
1 < Content-Type: application/json; charset=utf-8
1 < Content-Length: 84
1 < Connection: keep-alive
1 < X-Powered-By: Express
1 < ETag: W/"54-pwNXK9/7rF7T+hXbYswYdach34w"
{"userID":"f3a75802-1e46-442c-8e96-1e58347b6990","username":"user_65294","books":[]}

20:51:00.688 [main] DEBUG com.jayway.jsonpath.internal.path.CompiledPath -- Evaluating path: $
20:51:00.690 [main] DEBUG org.apache.http.client.protocol.RequestAddCookies -- CookieSpec selected: karate
20:51:00.690 [main] DEBUG org.apache.http.client.protocol.RequestAuthCache -- Auth cache not set in the context
20:51:00.690 [main] DEBUG com.intuit.karate -- request:
2 > POST https://bookstore.demoqa.com/Account/v1/GenerateToken
2 > Content-Type: application/json; charset=UTF-8
2 > Content-Length: 51
2 > Host: bookstore.demoqa.com
2 > Connection: Keep-Alive
2 > User-Agent: Apache-HttpClient/4.5.14 (Java/21.0.9)
2 > Accept-Encoding: gzip,deflate
{"userName":"user_65294","password":"Password@123"}

20:51:00.690 [main] DEBUG org.apache.http.impl.conn.PoolingHttpClientConnectionManager -- Connection request: [route: {s}->https://bookstore.demoqa.com:443][total available: 0; route allocated: 0 of 5; total allocated: 0 of 10]
20:51:00.690 [main] DEBUG org.apache.http.impl.conn.PoolingHttpClientConnectionManager -- Connection leased: [id: 1][route: {s}->https://bookstore.demoqa.com:443][total available: 0; route allocated: 1 of 5; total allocated: 1 of 10]
20:51:00.690 [main] DEBUG org.apache.http.impl.execchain.MainClientExec -- Opening connection {s}->https://bookstore.demoqa.com:443
20:51:00.691 [main] DEBUG org.apache.http.impl.conn.DefaultHttpClientConnectionOperator -- Connecting to bookstore.demoqa.com/176.58.101.124:443
20:51:00.691 [main] DEBUG org.apache.http.conn.ssl.SSLConnectionSocketFactory -- Connecting socket to bookstore.demoqa.com/176.58.101.124:443 with timeout 60000
20:51:00.883 [main] DEBUG org.apache.http.conn.ssl.SSLConnectionSocketFactory -- Enabled protocols: [TLSv1.3, TLSv1.2]
20:51:00.883 [main] DEBUG org.apache.http.conn.ssl.SSLConnectionSocketFactory -- Enabled cipher suites:[TLS_AES_256_GCM_SHA384, TLS_AES_128_GCM_SHA256, TLS_CHACHA20_POLY1305_SHA256, TLS_ECDHE_ECDSA_WITH_AES_256_GCM_SHA384, TLS_ECDHE_ECDSA_WITH_AES_128_GCM_SHA256, TLS_ECDHE_ECDSA_WITH_CHACHA20_POLY1305_SHA256, TLS_ECDHE_RSA_WITH_AES_256_GCM_SHA384, TLS_ECDHE_RSA_WITH_CHACHA20_POLY1305_SHA256, TLS_ECDHE_RSA_WITH_AES_128_GCM_SHA256, TLS_DHE_RSA_WITH_AES_256_GCM_SHA384, TLS_DHE_RSA_WITH_CHACHA20_POLY1305_SHA256, TLS_DHE_DSS_WITH_AES_256_GCM_SHA384, TLS_DHE_RSA_WITH_AES_128_GCM_SHA256, TLS_DHE_DSS_WITH_AES_128_GCM_SHA256, TLS_ECDHE_ECDSA_WITH_AES_256_CBC_SHA384, TLS_ECDHE_RSA_WITH_AES_256_CBC_SHA384, TLS_ECDHE_ECDSA_WITH_AES_128_CBC_SHA256, TLS_ECDHE_RSA_WITH_AES_128_CBC_SHA256, TLS_DHE_RSA_WITH_AES_256_CBC_SHA256, TLS_DHE_DSS_WITH_AES_256_CBC_SHA256, TLS_DHE_RSA_WITH_AES_128_CBC_SHA256, TLS_DHE_DSS_WITH_AES_128_CBC_SHA256, TLS_ECDHE_ECDSA_WITH_AES_256_CBC_SHA, TLS_ECDHE_RSA_WITH_AES_256_CBC_SHA, TLS_ECDHE_ECDSA_WITH_AES_128_CBC_SHA, TLS_ECDHE_RSA_WITH_AES_128_CBC_SHA, TLS_DHE_RSA_WITH_AES_256_CBC_SHA, TLS_DHE_DSS_WITH_AES_256_CBC_SHA, TLS_DHE_RSA_WITH_AES_128_CBC_SHA, TLS_DHE_DSS_WITH_AES_128_CBC_SHA, TLS_RSA_WITH_AES_256_GCM_SHA384, TLS_RSA_WITH_AES_128_GCM_SHA256, TLS_RSA_WITH_AES_256_CBC_SHA256, TLS_RSA_WITH_AES_128_CBC_SHA256, TLS_RSA_WITH_AES_256_CBC_SHA, TLS_RSA_WITH_AES_128_CBC_SHA, TLS_EMPTY_RENEGOTIATION_INFO_SCSV]
20:51:00.884 [main] DEBUG org.apache.http.conn.ssl.SSLConnectionSocketFactory -- Starting handshake
20:51:01.080 [main] DEBUG org.apache.http.conn.ssl.SSLConnectionSocketFactory -- Secure session established
20:51:01.080 [main] DEBUG org.apache.http.conn.ssl.SSLConnectionSocketFactory --  negotiated protocol: TLSv1.3
20:51:01.080 [main] DEBUG org.apache.http.conn.ssl.SSLConnectionSocketFactory --  negotiated cipher suite: TLS_AES_256_GCM_SHA384
20:51:01.080 [main] DEBUG org.apache.http.conn.ssl.SSLConnectionSocketFactory --  peer principal: CN=bookstore.demoqa.com
20:51:01.080 [main] DEBUG org.apache.http.conn.ssl.SSLConnectionSocketFactory --  peer alternative names: [bookstore.demoqa.com, www.bookstore.demoqa.com]
20:51:01.080 [main] DEBUG org.apache.http.conn.ssl.SSLConnectionSocketFactory --  issuer principal: CN=R12, O=Let's Encrypt, C=US
20:51:01.082 [main] DEBUG org.apache.http.impl.conn.DefaultHttpClientConnectionOperator -- Connection established 192.168.1.76:57179<->176.58.101.124:443
20:51:01.082 [main] DEBUG org.apache.http.impl.conn.DefaultManagedHttpClientConnection -- http-outgoing-1: set socket timeout to 60000
20:51:01.082 [main] DEBUG org.apache.http.impl.execchain.MainClientExec -- Executing request POST /Account/v1/GenerateToken HTTP/1.1
20:51:01.082 [main] DEBUG org.apache.http.impl.execchain.MainClientExec -- Target auth state: UNCHALLENGED
20:51:01.082 [main] DEBUG org.apache.http.impl.execchain.MainClientExec -- Proxy auth state: UNCHALLENGED
20:51:01.082 [main] DEBUG org.apache.http.headers -- http-outgoing-1 >> POST /Account/v1/GenerateToken HTTP/1.1
20:51:01.082 [main] DEBUG org.apache.http.headers -- http-outgoing-1 >> Content-Type: application/json; charset=UTF-8
20:51:01.082 [main] DEBUG org.apache.http.headers -- http-outgoing-1 >> Content-Length: 51
20:51:01.082 [main] DEBUG org.apache.http.headers -- http-outgoing-1 >> Host: bookstore.demoqa.com
20:51:01.083 [main] DEBUG org.apache.http.headers -- http-outgoing-1 >> Connection: Keep-Alive
20:51:01.083 [main] DEBUG org.apache.http.headers -- http-outgoing-1 >> User-Agent: Apache-HttpClient/4.5.14 (Java/21.0.9)
20:51:01.083 [main] DEBUG org.apache.http.headers -- http-outgoing-1 >> Accept-Encoding: gzip,deflate
20:51:01.083 [main] DEBUG org.apache.http.wire -- http-outgoing-1 >> "POST /Account/v1/GenerateToken HTTP/1.1[\r][\n]"
20:51:01.083 [main] DEBUG org.apache.http.wire -- http-outgoing-1 >> "Content-Type: application/json; charset=UTF-8[\r][\n]"
20:51:01.083 [main] DEBUG org.apache.http.wire -- http-outgoing-1 >> "Content-Length: 51[\r][\n]"
20:51:01.083 [main] DEBUG org.apache.http.wire -- http-outgoing-1 >> "Host: bookstore.demoqa.com[\r][\n]"
20:51:01.083 [main] DEBUG org.apache.http.wire -- http-outgoing-1 >> "Connection: Keep-Alive[\r][\n]"
20:51:01.083 [main] DEBUG org.apache.http.wire -- http-outgoing-1 >> "User-Agent: Apache-HttpClient/4.5.14 (Java/21.0.9)[\r][\n]"
20:51:01.083 [main] DEBUG org.apache.http.wire -- http-outgoing-1 >> "Accept-Encoding: gzip,deflate[\r][\n]"
20:51:01.083 [main] DEBUG org.apache.http.wire -- http-outgoing-1 >> "[\r][\n]"
20:51:01.083 [main] DEBUG org.apache.http.wire -- http-outgoing-1 >> "{"userName":"user_65294","password":"Password@123"}"
20:51:01.974 [main] DEBUG org.apache.http.wire -- http-outgoing-1 << "HTTP/1.1 200 OK[\r][\n]"
20:51:01.974 [main] DEBUG org.apache.http.wire -- http-outgoing-1 << "Server: nginx/1.17.10 (Ubuntu)[\r][\n]"
20:51:01.974 [main] DEBUG org.apache.http.wire -- http-outgoing-1 << "Date: Sun, 11 Jan 2026 23:51:01 GMT[\r][\n]"
20:51:01.974 [main] DEBUG org.apache.http.wire -- http-outgoing-1 << "Content-Type: application/json; charset=utf-8[\r][\n]"
20:51:01.974 [main] DEBUG org.apache.http.wire -- http-outgoing-1 << "Content-Length: 281[\r][\n]"
20:51:01.974 [main] DEBUG org.apache.http.wire -- http-outgoing-1 << "Connection: keep-alive[\r][\n]"
20:51:01.974 [main] DEBUG org.apache.http.wire -- http-outgoing-1 << "X-Powered-By: Express[\r][\n]"
20:51:01.974 [main] DEBUG org.apache.http.wire -- http-outgoing-1 << "ETag: W/"119-txeg2g5hEQyNDZ627WN66aNp1Bk"[\r][\n]"
20:51:01.974 [main] DEBUG org.apache.http.wire -- http-outgoing-1 << "[\r][\n]"
20:51:01.974 [main] DEBUG org.apache.http.wire -- http-outgoing-1 << "{"token":"eyJhbGciOiJIUzI1NiIsInR5cCI6IkpXVCJ9.eyJ1c2VyTmFtZSI6InVzZXJfNjUyOTQiLCJwYXNzd29yZCI6IlBhc3N3b3JkQDEyMyIsImlhdCI6MTc2ODE3NTQ2MH0.k2Bbq7tiCP2w1fLDmO9nJofBidck2FK-T4LxbpxfGGM","expires":"2026-01-18T23:51:00.685Z","status":"Success","result":"User authorized successfully."}"
20:51:01.974 [main] DEBUG org.apache.http.headers -- http-outgoing-1 << HTTP/1.1 200 OK
20:51:01.974 [main] DEBUG org.apache.http.headers -- http-outgoing-1 << Server: nginx/1.17.10 (Ubuntu)
20:51:01.975 [main] DEBUG org.apache.http.headers -- http-outgoing-1 << Date: Sun, 11 Jan 2026 23:51:01 GMT
20:51:01.975 [main] DEBUG org.apache.http.headers -- http-outgoing-1 << Content-Type: application/json; charset=utf-8
20:51:01.975 [main] DEBUG org.apache.http.headers -- http-outgoing-1 << Content-Length: 281
20:51:01.975 [main] DEBUG org.apache.http.headers -- http-outgoing-1 << Connection: keep-alive
20:51:01.975 [main] DEBUG org.apache.http.headers -- http-outgoing-1 << X-Powered-By: Express
20:51:01.975 [main] DEBUG org.apache.http.headers -- http-outgoing-1 << ETag: W/"119-txeg2g5hEQyNDZ627WN66aNp1Bk"
20:51:01.975 [main] DEBUG org.apache.http.impl.execchain.MainClientExec -- Connection can be kept alive indefinitely
20:51:01.975 [main] DEBUG org.apache.http.impl.conn.PoolingHttpClientConnectionManager -- Connection [id: 1][route: {s}->https://bookstore.demoqa.com:443] can be kept alive indefinitely
20:51:01.975 [main] DEBUG org.apache.http.impl.conn.DefaultManagedHttpClientConnection -- http-outgoing-1: set socket timeout to 0
20:51:01.975 [main] DEBUG org.apache.http.impl.conn.PoolingHttpClientConnectionManager -- Connection released: [id: 1][route: {s}->https://bookstore.demoqa.com:443][total available: 1; route allocated: 1 of 5; total allocated: 1 of 10]
20:51:01.975 [main] DEBUG org.apache.http.impl.conn.PoolingHttpClientConnectionManager -- Connection manager is shutting down
20:51:01.975 [main] DEBUG org.apache.http.impl.conn.DefaultManagedHttpClientConnection -- http-outgoing-1: Close connection
20:51:01.975 [main] DEBUG org.apache.http.impl.conn.PoolingHttpClientConnectionManager -- Connection manager shut down
20:51:01.975 [main] DEBUG com.intuit.karate -- response time in milliseconds: 1285
2 < 200
2 < Server: nginx/1.17.10 (Ubuntu)
2 < Date: Sun, 11 Jan 2026 23:51:01 GMT
2 < Content-Type: application/json; charset=utf-8
2 < Content-Length: 281
2 < Connection: keep-alive
2 < X-Powered-By: Express
2 < ETag: W/"119-txeg2g5hEQyNDZ627WN66aNp1Bk"
{"token":"eyJhbGciOiJIUzI1NiIsInR5cCI6IkpXVCJ9.eyJ1c2VyTmFtZSI6InVzZXJfNjUyOTQiLCJwYXNzd29yZCI6IlBhc3N3b3JkQDEyMyIsImlhdCI6MTc2ODE3NTQ2MH0.k2Bbq7tiCP2w1fLDmO9nJofBidck2FK-T4LxbpxfGGM","expires":"2026-01-18T23:51:00.685Z","status":"Success","result":"User authorized successfully."}

20:51:01.987 [main] DEBUG com.jayway.jsonpath.internal.path.CompiledPath -- Evaluating path: $['status']
20:51:01.988 [main] DEBUG com.jayway.jsonpath.internal.path.CompiledPath -- Evaluating path: $
20:51:01.989 [main] INFO com.intuit.karate -- << lock released, cached callonce: read('auth.feature')
20:51:01.993 [main] INFO com.intuit.karate -- [print] >>> Token Autenticação: eyJhbGciOiJIUzI1NiIsInR5cCI6IkpXVCJ9.eyJ1c2VyTmFtZSI6InVzZXJfNjUyOTQiLCJwYXNzd29yZCI6IlBhc3N3b3JkQDEyMyIsImlhdCI6MTc2ODE3NTQ2MH0.k2Bbq7tiCP2w1fLDmO9nJofBidck2FK-T4LxbpxfGGM 
20:51:01.994 [main] INFO com.intuit.karate -- [print] >>> UserID: f3a75802-1e46-442c-8e96-1e58347b6990 
20:51:01.995 [main] DEBUG com.jayway.jsonpath.internal.path.CompiledPath -- Evaluating path: $
20:51:01.995 [main] DEBUG com.jayway.jsonpath.internal.path.CompiledPath -- Evaluating path: $
20:51:01.997 [main] DEBUG org.apache.http.client.protocol.RequestAddCookies -- CookieSpec selected: karate
20:51:01.997 [main] DEBUG org.apache.http.client.protocol.RequestAuthCache -- Auth cache not set in the context
20:51:01.997 [main] DEBUG com.intuit.karate -- request:
1 > GET https://bookstore.demoqa.com/BookStore/v1/Books
1 > Authorization: Bearer eyJhbGciOiJIUzI1NiIsInR5cCI6IkpXVCJ9.eyJ1c2VyTmFtZSI6InVzZXJfNjUyOTQiLCJwYXNzd29yZCI6IlBhc3N3b3JkQDEyMyIsImlhdCI6MTc2ODE3NTQ2MH0.k2Bbq7tiCP2w1fLDmO9nJofBidck2FK-T4LxbpxfGGM
1 > Host: bookstore.demoqa.com
1 > Connection: Keep-Alive
1 > User-Agent: Apache-HttpClient/4.5.14 (Java/21.0.9)
1 > Accept-Encoding: gzip,deflate


20:51:01.997 [main] DEBUG org.apache.http.impl.conn.PoolingHttpClientConnectionManager -- Connection request: [route: {s}->https://bookstore.demoqa.com:443][total available: 0; route allocated: 0 of 5; total allocated: 0 of 10]
20:51:01.997 [main] DEBUG org.apache.http.impl.conn.PoolingHttpClientConnectionManager -- Connection leased: [id: 2][route: {s}->https://bookstore.demoqa.com:443][total available: 0; route allocated: 1 of 5; total allocated: 1 of 10]
20:51:01.997 [main] DEBUG org.apache.http.impl.execchain.MainClientExec -- Opening connection {s}->https://bookstore.demoqa.com:443
20:51:01.997 [main] DEBUG org.apache.http.impl.conn.DefaultHttpClientConnectionOperator -- Connecting to bookstore.demoqa.com/176.58.101.124:443
20:51:01.997 [main] DEBUG org.apache.http.conn.ssl.SSLConnectionSocketFactory -- Connecting socket to bookstore.demoqa.com/176.58.101.124:443 with timeout 60000
20:51:02.194 [main] DEBUG org.apache.http.conn.ssl.SSLConnectionSocketFactory -- Enabled protocols: [TLSv1.3, TLSv1.2]
20:51:02.194 [main] DEBUG org.apache.http.conn.ssl.SSLConnectionSocketFactory -- Enabled cipher suites:[TLS_AES_256_GCM_SHA384, TLS_AES_128_GCM_SHA256, TLS_CHACHA20_POLY1305_SHA256, TLS_ECDHE_ECDSA_WITH_AES_256_GCM_SHA384, TLS_ECDHE_ECDSA_WITH_AES_128_GCM_SHA256, TLS_ECDHE_ECDSA_WITH_CHACHA20_POLY1305_SHA256, TLS_ECDHE_RSA_WITH_AES_256_GCM_SHA384, TLS_ECDHE_RSA_WITH_CHACHA20_POLY1305_SHA256, TLS_ECDHE_RSA_WITH_AES_128_GCM_SHA256, TLS_DHE_RSA_WITH_AES_256_GCM_SHA384, TLS_DHE_RSA_WITH_CHACHA20_POLY1305_SHA256, TLS_DHE_DSS_WITH_AES_256_GCM_SHA384, TLS_DHE_RSA_WITH_AES_128_GCM_SHA256, TLS_DHE_DSS_WITH_AES_128_GCM_SHA256, TLS_ECDHE_ECDSA_WITH_AES_256_CBC_SHA384, TLS_ECDHE_RSA_WITH_AES_256_CBC_SHA384, TLS_ECDHE_ECDSA_WITH_AES_128_CBC_SHA256, TLS_ECDHE_RSA_WITH_AES_128_CBC_SHA256, TLS_DHE_RSA_WITH_AES_256_CBC_SHA256, TLS_DHE_DSS_WITH_AES_256_CBC_SHA256, TLS_DHE_RSA_WITH_AES_128_CBC_SHA256, TLS_DHE_DSS_WITH_AES_128_CBC_SHA256, TLS_ECDHE_ECDSA_WITH_AES_256_CBC_SHA, TLS_ECDHE_RSA_WITH_AES_256_CBC_SHA, TLS_ECDHE_ECDSA_WITH_AES_128_CBC_SHA, TLS_ECDHE_RSA_WITH_AES_128_CBC_SHA, TLS_DHE_RSA_WITH_AES_256_CBC_SHA, TLS_DHE_DSS_WITH_AES_256_CBC_SHA, TLS_DHE_RSA_WITH_AES_128_CBC_SHA, TLS_DHE_DSS_WITH_AES_128_CBC_SHA, TLS_RSA_WITH_AES_256_GCM_SHA384, TLS_RSA_WITH_AES_128_GCM_SHA256, TLS_RSA_WITH_AES_256_CBC_SHA256, TLS_RSA_WITH_AES_128_CBC_SHA256, TLS_RSA_WITH_AES_256_CBC_SHA, TLS_RSA_WITH_AES_128_CBC_SHA, TLS_EMPTY_RENEGOTIATION_INFO_SCSV]
20:51:02.194 [main] DEBUG org.apache.http.conn.ssl.SSLConnectionSocketFactory -- Starting handshake
20:51:02.393 [main] DEBUG org.apache.http.conn.ssl.SSLConnectionSocketFactory -- Secure session established
20:51:02.393 [main] DEBUG org.apache.http.conn.ssl.SSLConnectionSocketFactory --  negotiated protocol: TLSv1.3
20:51:02.393 [main] DEBUG org.apache.http.conn.ssl.SSLConnectionSocketFactory --  negotiated cipher suite: TLS_AES_256_GCM_SHA384
20:51:02.393 [main] DEBUG org.apache.http.conn.ssl.SSLConnectionSocketFactory --  peer principal: CN=bookstore.demoqa.com
20:51:02.393 [main] DEBUG org.apache.http.conn.ssl.SSLConnectionSocketFactory --  peer alternative names: [bookstore.demoqa.com, www.bookstore.demoqa.com]
20:51:02.393 [main] DEBUG org.apache.http.conn.ssl.SSLConnectionSocketFactory --  issuer principal: CN=R12, O=Let's Encrypt, C=US
20:51:02.393 [main] DEBUG org.apache.http.impl.conn.DefaultHttpClientConnectionOperator -- Connection established 192.168.1.76:57180<->176.58.101.124:443
20:51:02.393 [main] DEBUG org.apache.http.impl.conn.DefaultManagedHttpClientConnection -- http-outgoing-2: set socket timeout to 60000
20:51:02.393 [main] DEBUG org.apache.http.impl.execchain.MainClientExec -- Executing request GET /BookStore/v1/Books HTTP/1.1
20:51:02.393 [main] DEBUG org.apache.http.impl.execchain.MainClientExec -- Proxy auth state: UNCHALLENGED
20:51:02.394 [main] DEBUG org.apache.http.headers -- http-outgoing-2 >> GET /BookStore/v1/Books HTTP/1.1
20:51:02.394 [main] DEBUG org.apache.http.headers -- http-outgoing-2 >> Authorization: Bearer eyJhbGciOiJIUzI1NiIsInR5cCI6IkpXVCJ9.eyJ1c2VyTmFtZSI6InVzZXJfNjUyOTQiLCJwYXNzd29yZCI6IlBhc3N3b3JkQDEyMyIsImlhdCI6MTc2ODE3NTQ2MH0.k2Bbq7tiCP2w1fLDmO9nJofBidck2FK-T4LxbpxfGGM
20:51:02.394 [main] DEBUG org.apache.http.headers -- http-outgoing-2 >> Host: bookstore.demoqa.com
20:51:02.394 [main] DEBUG org.apache.http.headers -- http-outgoing-2 >> Connection: Keep-Alive
20:51:02.394 [main] DEBUG org.apache.http.headers -- http-outgoing-2 >> User-Agent: Apache-HttpClient/4.5.14 (Java/21.0.9)
20:51:02.394 [main] DEBUG org.apache.http.headers -- http-outgoing-2 >> Accept-Encoding: gzip,deflate
20:51:02.394 [main] DEBUG org.apache.http.wire -- http-outgoing-2 >> "GET /BookStore/v1/Books HTTP/1.1[\r][\n]"
20:51:02.394 [main] DEBUG org.apache.http.wire -- http-outgoing-2 >> "Authorization: Bearer eyJhbGciOiJIUzI1NiIsInR5cCI6IkpXVCJ9.eyJ1c2VyTmFtZSI6InVzZXJfNjUyOTQiLCJwYXNzd29yZCI6IlBhc3N3b3JkQDEyMyIsImlhdCI6MTc2ODE3NTQ2MH0.k2Bbq7tiCP2w1fLDmO9nJofBidck2FK-T4LxbpxfGGM[\r][\n]"
20:51:02.394 [main] DEBUG org.apache.http.wire -- http-outgoing-2 >> "Host: bookstore.demoqa.com[\r][\n]"
20:51:02.394 [main] DEBUG org.apache.http.wire -- http-outgoing-2 >> "Connection: Keep-Alive[\r][\n]"
20:51:02.394 [main] DEBUG org.apache.http.wire -- http-outgoing-2 >> "User-Agent: Apache-HttpClient/4.5.14 (Java/21.0.9)[\r][\n]"
20:51:02.394 [main] DEBUG org.apache.http.wire -- http-outgoing-2 >> "Accept-Encoding: gzip,deflate[\r][\n]"
20:51:02.394 [main] DEBUG org.apache.http.wire -- http-outgoing-2 >> "[\r][\n]"
20:51:02.599 [main] DEBUG org.apache.http.wire -- http-outgoing-2 << "HTTP/1.1 200 OK[\r][\n]"
20:51:02.600 [main] DEBUG org.apache.http.wire -- http-outgoing-2 << "Server: nginx/1.17.10 (Ubuntu)[\r][\n]"
20:51:02.600 [main] DEBUG org.apache.http.wire -- http-outgoing-2 << "Date: Sun, 11 Jan 2026 23:51:02 GMT[\r][\n]"
20:51:02.600 [main] DEBUG org.apache.http.wire -- http-outgoing-2 << "Content-Type: application/json; charset=utf-8[\r][\n]"
20:51:02.600 [main] DEBUG org.apache.http.wire -- http-outgoing-2 << "Content-Length: 4514[\r][\n]"
20:51:02.600 [main] DEBUG org.apache.http.wire -- http-outgoing-2 << "Connection: keep-alive[\r][\n]"
20:51:02.600 [main] DEBUG org.apache.http.wire -- http-outgoing-2 << "X-Powered-By: Express[\r][\n]"
20:51:02.600 [main] DEBUG org.apache.http.wire -- http-outgoing-2 << "ETag: W/"11a2-8zfX++QwcgaCjSU6F8JP9fUd1tY"[\r][\n]"
20:51:02.600 [main] DEBUG org.apache.http.wire -- http-outgoing-2 << "[\r][\n]"
20:51:02.600 [main] DEBUG org.apache.http.wire -- http-outgoing-2 << "{"books":[{"isbn":"9781449325862","title":"Git Pocket Guide","subTitle":"A Working Introduction","author":"Richard E. Silverman","publish_date":"2020-06-04T08:48:39.000Z","publisher":"O'Reilly Media","pages":234,"description":"This pocket guide is the perfect on-the-job companion to Git, the distributed version control system. It provides a compact, readable introduction to Git for new users, as well as a reference to common commands and procedures for those of you with Git exp","website":"http://chimera.labs.oreilly.com/books/1230000000561/index.html"},{"isbn":"9781449331818","title":"Learning JavaScript Design Patterns","subTitle":"A JavaScript and jQuery Developer's Guide","author":"Addy Osmani","publish_date":"2020-06-04T09:11:40.000Z","publisher":"O'Reilly Media","pages":254,"description":"With Learning JavaScript Design Patterns, you'll learn how to write beautiful, structured, and maintainable JavaScript by applying classical and modern design patterns to the language. If you want to keep your code efficient, more manageable, and up-to-da","website":"http://www.addyosmani.com/resources/essentialjsdesignpatterns/book/"},{"isbn":"9781449337711","title":"Designing Evolvable Web APIs with ASP.NET","subTitle":"Harnessing the Power of the Web","author":"Glenn Block et al.","publish_date":"2020-06-04T09:12:43.000Z","publisher":"O'Reilly Media","pages":238,"description":"Design and build Web APIs for a broad range of clients[0xe2][0x80][0x94]including browsers and mobile devices[0xe2][0x80][0x94]that can adapt to change over time. This practical, hands-on guide takes you through the theory and tools you need to build evolvable HTTP services with Microsoft","website":"http://chimera.labs.oreilly.com/books/1234000001708/index.html"},{"isbn":"9781449365035","title":"Speaking JavaScript","subTitle":"An In-Depth Guide for Programmers","author":"Axel Rauschmayer","publish_date":"2014-02-01T00:00:00.000Z","publisher":"O'Reilly Media","pages":460,"description":"Like it or not, JavaScript is everywhere these days-from browser to server to mobile-and now you, too, need to learn the language or dive deeper than you have. This concise book guides you into and through JavaScript, written by a veteran programmer who o","website":"http://speakingjs.com/"},{"isbn":"9781491904244","title":"You Don't Know JS","subTitle":"ES6 & Beyond","author":"Kyle Simpson","publish_date":"2015-12-27T00:00:00.000Z","publisher":"O'Reilly Media","pages":278,"description":"No matter how much experience you have with JavaScript, odds are you don[0xe2][0x80][0x99]t fully understand the language. As part of the \\\"You Don[0xe2][0x80][0x99]t Know JS\\\" series, this compact guide focuses on new features available in ECMAScript 6 (ES6), the latest version of the st","website":"https://github.com/getify/You-Dont-Know-JS/tree/master/es6%20&%20beyond"},{"isbn":"9781491950296","title":"Programming JavaScript Applications","subTitle":"Robust Web Architecture with Node, HTML5, and Modern JS Libraries","author":"Eric Elliott","publish_date":"2014-07-01T00:00:00.000Z","publisher":"O'Reilly Media","pages":254,"description":"Take advantage of JavaScript's power to build robust web-scale or enterprise applications that are easy to extend and maintain. By applying the design patterns outlined in this practical book, experienced JavaScript developers will learn how to write flex","website":"http://chimera.labs.oreilly.com/books/1234000000262/index.html"},{"isbn":"9781593275846","title":"Eloquent JavaScript, Second Edition","subTitle":"A Modern Introduction to Programming","author":"Marijn Haverbeke","publish_date":"2014-12-14T00:00:00.000Z","publisher":"No Starch Press","pages":472,"description":"JavaScript lies at the heart of almost every modern web application, from social apps to the newest browser-based games. Though simple for beginners to pick up and play with, JavaScript is a flexible, complex language that you can use to build full-scale ","website":"http://eloquentjavascript.net/"},{"isbn":"9781593277574","title":"Understanding ECMAScript 6","subTitle":"The Definitive Guide for JavaScript Developers","author":"Nicholas C. Zakas","publish_date":"2016-09-03T00:00:00.000Z","publisher":"No Starch Press","pages":352,"description":"ECMAScript 6 represents the biggest update to the core of JavaScript in the history of the language. In Understanding ECMAScript 6, expert developer Nicholas C. Zakas provides a complete guide to the object types, syntax, and other exciting changes that E","website":"https://leanpub.com/understandinges6/read"}]}"
20:51:02.600 [main] DEBUG org.apache.http.headers -- http-outgoing-2 << HTTP/1.1 200 OK
20:51:02.600 [main] DEBUG org.apache.http.headers -- http-outgoing-2 << Server: nginx/1.17.10 (Ubuntu)
20:51:02.600 [main] DEBUG org.apache.http.headers -- http-outgoing-2 << Date: Sun, 11 Jan 2026 23:51:02 GMT
20:51:02.600 [main] DEBUG org.apache.http.headers -- http-outgoing-2 << Content-Type: application/json; charset=utf-8
20:51:02.600 [main] DEBUG org.apache.http.headers -- http-outgoing-2 << Content-Length: 4514
20:51:02.600 [main] DEBUG org.apache.http.headers -- http-outgoing-2 << Connection: keep-alive
20:51:02.600 [main] DEBUG org.apache.http.headers -- http-outgoing-2 << X-Powered-By: Express
20:51:02.600 [main] DEBUG org.apache.http.headers -- http-outgoing-2 << ETag: W/"11a2-8zfX++QwcgaCjSU6F8JP9fUd1tY"
20:51:02.600 [main] DEBUG org.apache.http.impl.execchain.MainClientExec -- Connection can be kept alive indefinitely
20:51:02.600 [main] DEBUG org.apache.http.impl.conn.PoolingHttpClientConnectionManager -- Connection [id: 2][route: {s}->https://bookstore.demoqa.com:443] can be kept alive indefinitely
20:51:02.600 [main] DEBUG org.apache.http.impl.conn.DefaultManagedHttpClientConnection -- http-outgoing-2: set socket timeout to 0
20:51:02.600 [main] DEBUG org.apache.http.impl.conn.PoolingHttpClientConnectionManager -- Connection released: [id: 2][route: {s}->https://bookstore.demoqa.com:443][total available: 1; route allocated: 1 of 5; total allocated: 1 of 10]
20:51:02.600 [main] DEBUG org.apache.http.impl.conn.PoolingHttpClientConnectionManager -- Connection manager is shutting down
20:51:02.600 [main] DEBUG org.apache.http.impl.conn.DefaultManagedHttpClientConnection -- http-outgoing-2: Close connection
20:51:02.601 [main] DEBUG org.apache.http.impl.conn.PoolingHttpClientConnectionManager -- Connection manager shut down
20:51:02.601 [main] DEBUG com.intuit.karate -- response time in milliseconds: 603
1 < 200
1 < Server: nginx/1.17.10 (Ubuntu)
1 < Date: Sun, 11 Jan 2026 23:51:02 GMT
1 < Content-Type: application/json; charset=utf-8
1 < Content-Length: 4514
1 < Connection: keep-alive
1 < X-Powered-By: Express
1 < ETag: W/"11a2-8zfX++QwcgaCjSU6F8JP9fUd1tY"
{"books":[{"isbn":"9781449325862","title":"Git Pocket Guide","subTitle":"A Working Introduction","author":"Richard E. Silverman","publish_date":"2020-06-04T08:48:39.000Z","publisher":"O'Reilly Media","pages":234,"description":"This pocket guide is the perfect on-the-job companion to Git, the distributed version control system. It provides a compact, readable introduction to Git for new users, as well as a reference to common commands and procedures for those of you with Git exp","website":"http://chimera.labs.oreilly.com/books/1230000000561/index.html"},{"isbn":"9781449331818","title":"Learning JavaScript Design Patterns","subTitle":"A JavaScript and jQuery Developer's Guide","author":"Addy Osmani","publish_date":"2020-06-04T09:11:40.000Z","publisher":"O'Reilly Media","pages":254,"description":"With Learning JavaScript Design Patterns, you'll learn how to write beautiful, structured, and maintainable JavaScript by applying classical and modern design patterns to the language. If you want to keep your code efficient, more manageable, and up-to-da","website":"http://www.addyosmani.com/resources/essentialjsdesignpatterns/book/"},{"isbn":"9781449337711","title":"Designing Evolvable Web APIs with ASP.NET","subTitle":"Harnessing the Power of the Web","author":"Glenn Block et al.","publish_date":"2020-06-04T09:12:43.000Z","publisher":"O'Reilly Media","pages":238,"description":"Design and build Web APIs for a broad range of clients—including browsers and mobile devices—that can adapt to change over time. This practical, hands-on guide takes you through the theory and tools you need to build evolvable HTTP services with Microsoft","website":"http://chimera.labs.oreilly.com/books/1234000001708/index.html"},{"isbn":"9781449365035","title":"Speaking JavaScript","subTitle":"An In-Depth Guide for Programmers","author":"Axel Rauschmayer","publish_date":"2014-02-01T00:00:00.000Z","publisher":"O'Reilly Media","pages":460,"description":"Like it or not, JavaScript is everywhere these days-from browser to server to mobile-and now you, too, need to learn the language or dive deeper than you have. This concise book guides you into and through JavaScript, written by a veteran programmer who o","website":"http://speakingjs.com/"},{"isbn":"9781491904244","title":"You Don't Know JS","subTitle":"ES6 & Beyond","author":"Kyle Simpson","publish_date":"2015-12-27T00:00:00.000Z","publisher":"O'Reilly Media","pages":278,"description":"No matter how much experience you have with JavaScript, odds are you don’t fully understand the language. As part of the \\\"You Don’t Know JS\\\" series, this compact guide focuses on new features available in ECMAScript 6 (ES6), the latest version of the st","website":"https://github.com/getify/You-Dont-Know-JS/tree/master/es6%20&%20beyond"},{"isbn":"9781491950296","title":"Programming JavaScript Applications","subTitle":"Robust Web Architecture with Node, HTML5, and Modern JS Libraries","author":"Eric Elliott","publish_date":"2014-07-01T00:00:00.000Z","publisher":"O'Reilly Media","pages":254,"description":"Take advantage of JavaScript's power to build robust web-scale or enterprise applications that are easy to extend and maintain. By applying the design patterns outlined in this practical book, experienced JavaScript developers will learn how to write flex","website":"http://chimera.labs.oreilly.com/books/1234000000262/index.html"},{"isbn":"9781593275846","title":"Eloquent JavaScript, Second Edition","subTitle":"A Modern Introduction to Programming","author":"Marijn Haverbeke","publish_date":"2014-12-14T00:00:00.000Z","publisher":"No Starch Press","pages":472,"description":"JavaScript lies at the heart of almost every modern web application, from social apps to the newest browser-based games. Though simple for beginners to pick up and play with, JavaScript is a flexible, complex language that you can use to build full-scale ","website":"http://eloquentjavascript.net/"},{"isbn":"9781593277574","title":"Understanding ECMAScript 6","subTitle":"The Definitive Guide for JavaScript Developers","author":"Nicholas C. Zakas","publish_date":"2016-09-03T00:00:00.000Z","publisher":"No Starch Press","pages":352,"description":"ECMAScript 6 represents the biggest update to the core of JavaScript in the history of the language. In Understanding ECMAScript 6, expert developer Nicholas C. Zakas provides a complete guide to the object types, syntax, and other exciting changes that E","website":"https://leanpub.com/understandinges6/read"}]}

20:51:02.613 [main] DEBUG org.apache.http.client.protocol.RequestAddCookies -- CookieSpec selected: karate
20:51:02.614 [main] DEBUG org.apache.http.client.protocol.RequestAuthCache -- Auth cache not set in the context
20:51:02.614 [main] DEBUG com.intuit.karate -- request:
2 > DELETE https://bookstore.demoqa.com/BookStore/v1/Books?UserId=f3a75802-1e46-442c-8e96-1e58347b6990
2 > Authorization: Bearer eyJhbGciOiJIUzI1NiIsInR5cCI6IkpXVCJ9.eyJ1c2VyTmFtZSI6InVzZXJfNjUyOTQiLCJwYXNzd29yZCI6IlBhc3N3b3JkQDEyMyIsImlhdCI6MTc2ODE3NTQ2MH0.k2Bbq7tiCP2w1fLDmO9nJofBidck2FK-T4LxbpxfGGM
2 > Host: bookstore.demoqa.com
2 > Connection: Keep-Alive
2 > User-Agent: Apache-HttpClient/4.5.14 (Java/21.0.9)
2 > Accept-Encoding: gzip,deflate


20:51:02.614 [main] DEBUG org.apache.http.impl.conn.PoolingHttpClientConnectionManager -- Connection request: [route: {s}->https://bookstore.demoqa.com:443][total available: 0; route allocated: 0 of 5; total allocated: 0 of 10]
20:51:02.614 [main] DEBUG org.apache.http.impl.conn.PoolingHttpClientConnectionManager -- Connection leased: [id: 3][route: {s}->https://bookstore.demoqa.com:443][total available: 0; route allocated: 1 of 5; total allocated: 1 of 10]
20:51:02.614 [main] DEBUG org.apache.http.impl.execchain.MainClientExec -- Opening connection {s}->https://bookstore.demoqa.com:443
20:51:02.614 [main] DEBUG org.apache.http.impl.conn.DefaultHttpClientConnectionOperator -- Connecting to bookstore.demoqa.com/176.58.101.124:443
20:51:02.614 [main] DEBUG org.apache.http.conn.ssl.SSLConnectionSocketFactory -- Connecting socket to bookstore.demoqa.com/176.58.101.124:443 with timeout 60000
20:51:02.806 [main] DEBUG org.apache.http.conn.ssl.SSLConnectionSocketFactory -- Enabled protocols: [TLSv1.3, TLSv1.2]
20:51:02.806 [main] DEBUG org.apache.http.conn.ssl.SSLConnectionSocketFactory -- Enabled cipher suites:[TLS_AES_256_GCM_SHA384, TLS_AES_128_GCM_SHA256, TLS_CHACHA20_POLY1305_SHA256, TLS_ECDHE_ECDSA_WITH_AES_256_GCM_SHA384, TLS_ECDHE_ECDSA_WITH_AES_128_GCM_SHA256, TLS_ECDHE_ECDSA_WITH_CHACHA20_POLY1305_SHA256, TLS_ECDHE_RSA_WITH_AES_256_GCM_SHA384, TLS_ECDHE_RSA_WITH_CHACHA20_POLY1305_SHA256, TLS_ECDHE_RSA_WITH_AES_128_GCM_SHA256, TLS_DHE_RSA_WITH_AES_256_GCM_SHA384, TLS_DHE_RSA_WITH_CHACHA20_POLY1305_SHA256, TLS_DHE_DSS_WITH_AES_256_GCM_SHA384, TLS_DHE_RSA_WITH_AES_128_GCM_SHA256, TLS_DHE_DSS_WITH_AES_128_GCM_SHA256, TLS_ECDHE_ECDSA_WITH_AES_256_CBC_SHA384, TLS_ECDHE_RSA_WITH_AES_256_CBC_SHA384, TLS_ECDHE_ECDSA_WITH_AES_128_CBC_SHA256, TLS_ECDHE_RSA_WITH_AES_128_CBC_SHA256, TLS_DHE_RSA_WITH_AES_256_CBC_SHA256, TLS_DHE_DSS_WITH_AES_256_CBC_SHA256, TLS_DHE_RSA_WITH_AES_128_CBC_SHA256, TLS_DHE_DSS_WITH_AES_128_CBC_SHA256, TLS_ECDHE_ECDSA_WITH_AES_256_CBC_SHA, TLS_ECDHE_RSA_WITH_AES_256_CBC_SHA, TLS_ECDHE_ECDSA_WITH_AES_128_CBC_SHA, TLS_ECDHE_RSA_WITH_AES_128_CBC_SHA, TLS_DHE_RSA_WITH_AES_256_CBC_SHA, TLS_DHE_DSS_WITH_AES_256_CBC_SHA, TLS_DHE_RSA_WITH_AES_128_CBC_SHA, TLS_DHE_DSS_WITH_AES_128_CBC_SHA, TLS_RSA_WITH_AES_256_GCM_SHA384, TLS_RSA_WITH_AES_128_GCM_SHA256, TLS_RSA_WITH_AES_256_CBC_SHA256, TLS_RSA_WITH_AES_128_CBC_SHA256, TLS_RSA_WITH_AES_256_CBC_SHA, TLS_RSA_WITH_AES_128_CBC_SHA, TLS_EMPTY_RENEGOTIATION_INFO_SCSV]
20:51:02.806 [main] DEBUG org.apache.http.conn.ssl.SSLConnectionSocketFactory -- Starting handshake
20:51:03.001 [main] DEBUG org.apache.http.conn.ssl.SSLConnectionSocketFactory -- Secure session established
20:51:03.001 [main] DEBUG org.apache.http.conn.ssl.SSLConnectionSocketFactory --  negotiated protocol: TLSv1.3
20:51:03.001 [main] DEBUG org.apache.http.conn.ssl.SSLConnectionSocketFactory --  negotiated cipher suite: TLS_AES_256_GCM_SHA384
20:51:03.001 [main] DEBUG org.apache.http.conn.ssl.SSLConnectionSocketFactory --  peer principal: CN=bookstore.demoqa.com
20:51:03.001 [main] DEBUG org.apache.http.conn.ssl.SSLConnectionSocketFactory --  peer alternative names: [bookstore.demoqa.com, www.bookstore.demoqa.com]
20:51:03.001 [main] DEBUG org.apache.http.conn.ssl.SSLConnectionSocketFactory --  issuer principal: CN=R12, O=Let's Encrypt, C=US
20:51:03.001 [main] DEBUG org.apache.http.impl.conn.DefaultHttpClientConnectionOperator -- Connection established 192.168.1.76:57181<->176.58.101.124:443
20:51:03.002 [main] DEBUG org.apache.http.impl.conn.DefaultManagedHttpClientConnection -- http-outgoing-3: set socket timeout to 60000
20:51:03.002 [main] DEBUG org.apache.http.impl.execchain.MainClientExec -- Executing request DELETE /BookStore/v1/Books?UserId=f3a75802-1e46-442c-8e96-1e58347b6990 HTTP/1.1
20:51:03.002 [main] DEBUG org.apache.http.impl.execchain.MainClientExec -- Proxy auth state: UNCHALLENGED
20:51:03.002 [main] DEBUG org.apache.http.headers -- http-outgoing-3 >> DELETE /BookStore/v1/Books?UserId=f3a75802-1e46-442c-8e96-1e58347b6990 HTTP/1.1
20:51:03.002 [main] DEBUG org.apache.http.headers -- http-outgoing-3 >> Authorization: Bearer eyJhbGciOiJIUzI1NiIsInR5cCI6IkpXVCJ9.eyJ1c2VyTmFtZSI6InVzZXJfNjUyOTQiLCJwYXNzd29yZCI6IlBhc3N3b3JkQDEyMyIsImlhdCI6MTc2ODE3NTQ2MH0.k2Bbq7tiCP2w1fLDmO9nJofBidck2FK-T4LxbpxfGGM
20:51:03.002 [main] DEBUG org.apache.http.headers -- http-outgoing-3 >> Host: bookstore.demoqa.com
20:51:03.002 [main] DEBUG org.apache.http.headers -- http-outgoing-3 >> Connection: Keep-Alive
20:51:03.002 [main] DEBUG org.apache.http.headers -- http-outgoing-3 >> User-Agent: Apache-HttpClient/4.5.14 (Java/21.0.9)
20:51:03.002 [main] DEBUG org.apache.http.headers -- http-outgoing-3 >> Accept-Encoding: gzip,deflate
20:51:03.002 [main] DEBUG org.apache.http.wire -- http-outgoing-3 >> "DELETE /BookStore/v1/Books?UserId=f3a75802-1e46-442c-8e96-1e58347b6990 HTTP/1.1[\r][\n]"
20:51:03.002 [main] DEBUG org.apache.http.wire -- http-outgoing-3 >> "Authorization: Bearer eyJhbGciOiJIUzI1NiIsInR5cCI6IkpXVCJ9.eyJ1c2VyTmFtZSI6InVzZXJfNjUyOTQiLCJwYXNzd29yZCI6IlBhc3N3b3JkQDEyMyIsImlhdCI6MTc2ODE3NTQ2MH0.k2Bbq7tiCP2w1fLDmO9nJofBidck2FK-T4LxbpxfGGM[\r][\n]"
20:51:03.002 [main] DEBUG org.apache.http.wire -- http-outgoing-3 >> "Host: bookstore.demoqa.com[\r][\n]"
20:51:03.002 [main] DEBUG org.apache.http.wire -- http-outgoing-3 >> "Connection: Keep-Alive[\r][\n]"
20:51:03.002 [main] DEBUG org.apache.http.wire -- http-outgoing-3 >> "User-Agent: Apache-HttpClient/4.5.14 (Java/21.0.9)[\r][\n]"
20:51:03.002 [main] DEBUG org.apache.http.wire -- http-outgoing-3 >> "Accept-Encoding: gzip,deflate[\r][\n]"
20:51:03.002 [main] DEBUG org.apache.http.wire -- http-outgoing-3 >> "[\r][\n]"
20:51:03.379 [main] DEBUG org.apache.http.wire -- http-outgoing-3 << "HTTP/1.1 204 No Content[\r][\n]"
20:51:03.380 [main] DEBUG org.apache.http.wire -- http-outgoing-3 << "Server: nginx/1.17.10 (Ubuntu)[\r][\n]"
20:51:03.380 [main] DEBUG org.apache.http.wire -- http-outgoing-3 << "Date: Sun, 11 Jan 2026 23:51:02 GMT[\r][\n]"
20:51:03.380 [main] DEBUG org.apache.http.wire -- http-outgoing-3 << "Connection: keep-alive[\r][\n]"
20:51:03.380 [main] DEBUG org.apache.http.wire -- http-outgoing-3 << "X-Powered-By: Express[\r][\n]"
20:51:03.380 [main] DEBUG org.apache.http.wire -- http-outgoing-3 << "ETag: W/"44-1mNkCgFWXrysm2bVvAhS6jkBOlQ"[\r][\n]"
20:51:03.380 [main] DEBUG org.apache.http.wire -- http-outgoing-3 << "[\r][\n]"
20:51:03.380 [main] DEBUG org.apache.http.headers -- http-outgoing-3 << HTTP/1.1 204 No Content
20:51:03.380 [main] DEBUG org.apache.http.headers -- http-outgoing-3 << Server: nginx/1.17.10 (Ubuntu)
20:51:03.380 [main] DEBUG org.apache.http.headers -- http-outgoing-3 << Date: Sun, 11 Jan 2026 23:51:02 GMT
20:51:03.380 [main] DEBUG org.apache.http.headers -- http-outgoing-3 << Connection: keep-alive
20:51:03.380 [main] DEBUG org.apache.http.headers -- http-outgoing-3 << X-Powered-By: Express
20:51:03.380 [main] DEBUG org.apache.http.headers -- http-outgoing-3 << ETag: W/"44-1mNkCgFWXrysm2bVvAhS6jkBOlQ"
20:51:03.380 [main] DEBUG org.apache.http.impl.execchain.MainClientExec -- Connection can be kept alive indefinitely
20:51:03.380 [main] DEBUG org.apache.http.impl.conn.PoolingHttpClientConnectionManager -- Connection [id: 3][route: {s}->https://bookstore.demoqa.com:443] can be kept alive indefinitely
20:51:03.380 [main] DEBUG org.apache.http.impl.conn.DefaultManagedHttpClientConnection -- http-outgoing-3: set socket timeout to 0
20:51:03.380 [main] DEBUG org.apache.http.impl.conn.PoolingHttpClientConnectionManager -- Connection released: [id: 3][route: {s}->https://bookstore.demoqa.com:443][total available: 1; route allocated: 1 of 5; total allocated: 1 of 10]
20:51:03.380 [main] DEBUG org.apache.http.impl.conn.PoolingHttpClientConnectionManager -- Connection manager is shutting down
20:51:03.380 [main] DEBUG org.apache.http.impl.conn.DefaultManagedHttpClientConnection -- http-outgoing-3: Close connection
20:51:03.380 [main] DEBUG org.apache.http.impl.conn.PoolingHttpClientConnectionManager -- Connection manager shut down
20:51:03.380 [main] DEBUG com.intuit.karate -- response time in milliseconds: 766
2 < 204
2 < Server: nginx/1.17.10 (Ubuntu)
2 < Date: Sun, 11 Jan 2026 23:51:02 GMT
2 < Connection: keep-alive
2 < X-Powered-By: Express
2 < ETag: W/"44-1mNkCgFWXrysm2bVvAhS6jkBOlQ"


20:51:03.382 [main] DEBUG com.jayway.jsonpath.internal.path.CompiledPath -- Evaluating path: $
20:51:03.385 [main] DEBUG org.apache.http.client.protocol.RequestAddCookies -- CookieSpec selected: karate
20:51:03.385 [main] DEBUG org.apache.http.client.protocol.RequestAuthCache -- Auth cache not set in the context
20:51:03.385 [main] DEBUG com.intuit.karate -- request:
3 > POST https://bookstore.demoqa.com/BookStore/v1/Books
3 > Authorization: Bearer eyJhbGciOiJIUzI1NiIsInR5cCI6IkpXVCJ9.eyJ1c2VyTmFtZSI6InVzZXJfNjUyOTQiLCJwYXNzd29yZCI6IlBhc3N3b3JkQDEyMyIsImlhdCI6MTc2ODE3NTQ2MH0.k2Bbq7tiCP2w1fLDmO9nJofBidck2FK-T4LxbpxfGGM
3 > Content-Type: application/json; charset=UTF-8
3 > Content-Length: 96
3 > Host: bookstore.demoqa.com
3 > Connection: Keep-Alive
3 > User-Agent: Apache-HttpClient/4.5.14 (Java/21.0.9)
3 > Accept-Encoding: gzip,deflate
{"userId":"f3a75802-1e46-442c-8e96-1e58347b6990","collectionOfIsbns":[{"isbn":"9781449325862"}]}

20:51:03.385 [main] DEBUG org.apache.http.impl.conn.PoolingHttpClientConnectionManager -- Connection request: [route: {s}->https://bookstore.demoqa.com:443][total available: 0; route allocated: 0 of 5; total allocated: 0 of 10]
20:51:03.385 [main] DEBUG org.apache.http.impl.conn.PoolingHttpClientConnectionManager -- Connection leased: [id: 4][route: {s}->https://bookstore.demoqa.com:443][total available: 0; route allocated: 1 of 5; total allocated: 1 of 10]
20:51:03.385 [main] DEBUG org.apache.http.impl.execchain.MainClientExec -- Opening connection {s}->https://bookstore.demoqa.com:443
20:51:03.385 [main] DEBUG org.apache.http.impl.conn.DefaultHttpClientConnectionOperator -- Connecting to bookstore.demoqa.com/176.58.101.124:443
20:51:03.385 [main] DEBUG org.apache.http.conn.ssl.SSLConnectionSocketFactory -- Connecting socket to bookstore.demoqa.com/176.58.101.124:443 with timeout 60000
20:51:03.575 [main] DEBUG org.apache.http.conn.ssl.SSLConnectionSocketFactory -- Enabled protocols: [TLSv1.3, TLSv1.2]
20:51:03.575 [main] DEBUG org.apache.http.conn.ssl.SSLConnectionSocketFactory -- Enabled cipher suites:[TLS_AES_256_GCM_SHA384, TLS_AES_128_GCM_SHA256, TLS_CHACHA20_POLY1305_SHA256, TLS_ECDHE_ECDSA_WITH_AES_256_GCM_SHA384, TLS_ECDHE_ECDSA_WITH_AES_128_GCM_SHA256, TLS_ECDHE_ECDSA_WITH_CHACHA20_POLY1305_SHA256, TLS_ECDHE_RSA_WITH_AES_256_GCM_SHA384, TLS_ECDHE_RSA_WITH_CHACHA20_POLY1305_SHA256, TLS_ECDHE_RSA_WITH_AES_128_GCM_SHA256, TLS_DHE_RSA_WITH_AES_256_GCM_SHA384, TLS_DHE_RSA_WITH_CHACHA20_POLY1305_SHA256, TLS_DHE_DSS_WITH_AES_256_GCM_SHA384, TLS_DHE_RSA_WITH_AES_128_GCM_SHA256, TLS_DHE_DSS_WITH_AES_128_GCM_SHA256, TLS_ECDHE_ECDSA_WITH_AES_256_CBC_SHA384, TLS_ECDHE_RSA_WITH_AES_256_CBC_SHA384, TLS_ECDHE_ECDSA_WITH_AES_128_CBC_SHA256, TLS_ECDHE_RSA_WITH_AES_128_CBC_SHA256, TLS_DHE_RSA_WITH_AES_256_CBC_SHA256, TLS_DHE_DSS_WITH_AES_256_CBC_SHA256, TLS_DHE_RSA_WITH_AES_128_CBC_SHA256, TLS_DHE_DSS_WITH_AES_128_CBC_SHA256, TLS_ECDHE_ECDSA_WITH_AES_256_CBC_SHA, TLS_ECDHE_RSA_WITH_AES_256_CBC_SHA, TLS_ECDHE_ECDSA_WITH_AES_128_CBC_SHA, TLS_ECDHE_RSA_WITH_AES_128_CBC_SHA, TLS_DHE_RSA_WITH_AES_256_CBC_SHA, TLS_DHE_DSS_WITH_AES_256_CBC_SHA, TLS_DHE_RSA_WITH_AES_128_CBC_SHA, TLS_DHE_DSS_WITH_AES_128_CBC_SHA, TLS_RSA_WITH_AES_256_GCM_SHA384, TLS_RSA_WITH_AES_128_GCM_SHA256, TLS_RSA_WITH_AES_256_CBC_SHA256, TLS_RSA_WITH_AES_128_CBC_SHA256, TLS_RSA_WITH_AES_256_CBC_SHA, TLS_RSA_WITH_AES_128_CBC_SHA, TLS_EMPTY_RENEGOTIATION_INFO_SCSV]
20:51:03.575 [main] DEBUG org.apache.http.conn.ssl.SSLConnectionSocketFactory -- Starting handshake
20:51:03.768 [main] DEBUG org.apache.http.conn.ssl.SSLConnectionSocketFactory -- Secure session established
20:51:03.768 [main] DEBUG org.apache.http.conn.ssl.SSLConnectionSocketFactory --  negotiated protocol: TLSv1.3
20:51:03.768 [main] DEBUG org.apache.http.conn.ssl.SSLConnectionSocketFactory --  negotiated cipher suite: TLS_AES_256_GCM_SHA384
20:51:03.768 [main] DEBUG org.apache.http.conn.ssl.SSLConnectionSocketFactory --  peer principal: CN=bookstore.demoqa.com
20:51:03.768 [main] DEBUG org.apache.http.conn.ssl.SSLConnectionSocketFactory --  peer alternative names: [bookstore.demoqa.com, www.bookstore.demoqa.com]
20:51:03.768 [main] DEBUG org.apache.http.conn.ssl.SSLConnectionSocketFactory --  issuer principal: CN=R12, O=Let's Encrypt, C=US
20:51:03.769 [main] DEBUG org.apache.http.impl.conn.DefaultHttpClientConnectionOperator -- Connection established 192.168.1.76:57182<->176.58.101.124:443
20:51:03.769 [main] DEBUG org.apache.http.impl.conn.DefaultManagedHttpClientConnection -- http-outgoing-4: set socket timeout to 60000
20:51:03.769 [main] DEBUG org.apache.http.impl.execchain.MainClientExec -- Executing request POST /BookStore/v1/Books HTTP/1.1
20:51:03.769 [main] DEBUG org.apache.http.impl.execchain.MainClientExec -- Proxy auth state: UNCHALLENGED
20:51:03.769 [main] DEBUG org.apache.http.headers -- http-outgoing-4 >> POST /BookStore/v1/Books HTTP/1.1
20:51:03.769 [main] DEBUG org.apache.http.headers -- http-outgoing-4 >> Authorization: Bearer eyJhbGciOiJIUzI1NiIsInR5cCI6IkpXVCJ9.eyJ1c2VyTmFtZSI6InVzZXJfNjUyOTQiLCJwYXNzd29yZCI6IlBhc3N3b3JkQDEyMyIsImlhdCI6MTc2ODE3NTQ2MH0.k2Bbq7tiCP2w1fLDmO9nJofBidck2FK-T4LxbpxfGGM
20:51:03.769 [main] DEBUG org.apache.http.headers -- http-outgoing-4 >> Content-Type: application/json; charset=UTF-8
20:51:03.769 [main] DEBUG org.apache.http.headers -- http-outgoing-4 >> Content-Length: 96
20:51:03.769 [main] DEBUG org.apache.http.headers -- http-outgoing-4 >> Host: bookstore.demoqa.com
20:51:03.769 [main] DEBUG org.apache.http.headers -- http-outgoing-4 >> Connection: Keep-Alive
20:51:03.769 [main] DEBUG org.apache.http.headers -- http-outgoing-4 >> User-Agent: Apache-HttpClient/4.5.14 (Java/21.0.9)
20:51:03.769 [main] DEBUG org.apache.http.headers -- http-outgoing-4 >> Accept-Encoding: gzip,deflate
20:51:03.769 [main] DEBUG org.apache.http.wire -- http-outgoing-4 >> "POST /BookStore/v1/Books HTTP/1.1[\r][\n]"
20:51:03.769 [main] DEBUG org.apache.http.wire -- http-outgoing-4 >> "Authorization: Bearer eyJhbGciOiJIUzI1NiIsInR5cCI6IkpXVCJ9.eyJ1c2VyTmFtZSI6InVzZXJfNjUyOTQiLCJwYXNzd29yZCI6IlBhc3N3b3JkQDEyMyIsImlhdCI6MTc2ODE3NTQ2MH0.k2Bbq7tiCP2w1fLDmO9nJofBidck2FK-T4LxbpxfGGM[\r][\n]"
20:51:03.769 [main] DEBUG org.apache.http.wire -- http-outgoing-4 >> "Content-Type: application/json; charset=UTF-8[\r][\n]"
20:51:03.769 [main] DEBUG org.apache.http.wire -- http-outgoing-4 >> "Content-Length: 96[\r][\n]"
20:51:03.769 [main] DEBUG org.apache.http.wire -- http-outgoing-4 >> "Host: bookstore.demoqa.com[\r][\n]"
20:51:03.769 [main] DEBUG org.apache.http.wire -- http-outgoing-4 >> "Connection: Keep-Alive[\r][\n]"
20:51:03.769 [main] DEBUG org.apache.http.wire -- http-outgoing-4 >> "User-Agent: Apache-HttpClient/4.5.14 (Java/21.0.9)[\r][\n]"
20:51:03.769 [main] DEBUG org.apache.http.wire -- http-outgoing-4 >> "Accept-Encoding: gzip,deflate[\r][\n]"
20:51:03.769 [main] DEBUG org.apache.http.wire -- http-outgoing-4 >> "[\r][\n]"
20:51:03.769 [main] DEBUG org.apache.http.wire -- http-outgoing-4 >> "{"userId":"f3a75802-1e46-442c-8e96-1e58347b6990","collectionOfIsbns":[{"isbn":"9781449325862"}]}"
20:51:04.063 [main] DEBUG org.apache.http.wire -- http-outgoing-4 << "HTTP/1.1 201 Created[\r][\n]"
20:51:04.063 [main] DEBUG org.apache.http.wire -- http-outgoing-4 << "Server: nginx/1.17.10 (Ubuntu)[\r][\n]"
20:51:04.063 [main] DEBUG org.apache.http.wire -- http-outgoing-4 << "Date: Sun, 11 Jan 2026 23:51:03 GMT[\r][\n]"
20:51:04.063 [main] DEBUG org.apache.http.wire -- http-outgoing-4 << "Content-Type: application/json; charset=utf-8[\r][\n]"
20:51:04.063 [main] DEBUG org.apache.http.wire -- http-outgoing-4 << "Content-Length: 36[\r][\n]"
20:51:04.063 [main] DEBUG org.apache.http.wire -- http-outgoing-4 << "Connection: keep-alive[\r][\n]"
20:51:04.064 [main] DEBUG org.apache.http.wire -- http-outgoing-4 << "X-Powered-By: Express[\r][\n]"
20:51:04.064 [main] DEBUG org.apache.http.wire -- http-outgoing-4 << "ETag: W/"24-2U7DK3nFgERO/LjA8mW3SiqYyFc"[\r][\n]"
20:51:04.064 [main] DEBUG org.apache.http.wire -- http-outgoing-4 << "[\r][\n]"
20:51:04.064 [main] DEBUG org.apache.http.wire -- http-outgoing-4 << "{"books":[{"isbn":"9781449325862"}]}"
20:51:04.064 [main] DEBUG org.apache.http.headers -- http-outgoing-4 << HTTP/1.1 201 Created
20:51:04.064 [main] DEBUG org.apache.http.headers -- http-outgoing-4 << Server: nginx/1.17.10 (Ubuntu)
20:51:04.064 [main] DEBUG org.apache.http.headers -- http-outgoing-4 << Date: Sun, 11 Jan 2026 23:51:03 GMT
20:51:04.064 [main] DEBUG org.apache.http.headers -- http-outgoing-4 << Content-Type: application/json; charset=utf-8
20:51:04.064 [main] DEBUG org.apache.http.headers -- http-outgoing-4 << Content-Length: 36
20:51:04.064 [main] DEBUG org.apache.http.headers -- http-outgoing-4 << Connection: keep-alive
20:51:04.064 [main] DEBUG org.apache.http.headers -- http-outgoing-4 << X-Powered-By: Express
20:51:04.064 [main] DEBUG org.apache.http.headers -- http-outgoing-4 << ETag: W/"24-2U7DK3nFgERO/LjA8mW3SiqYyFc"
20:51:04.064 [main] DEBUG org.apache.http.impl.execchain.MainClientExec -- Connection can be kept alive indefinitely
20:51:04.064 [main] DEBUG org.apache.http.impl.conn.PoolingHttpClientConnectionManager -- Connection [id: 4][route: {s}->https://bookstore.demoqa.com:443] can be kept alive indefinitely
20:51:04.064 [main] DEBUG org.apache.http.impl.conn.DefaultManagedHttpClientConnection -- http-outgoing-4: set socket timeout to 0
20:51:04.064 [main] DEBUG org.apache.http.impl.conn.PoolingHttpClientConnectionManager -- Connection released: [id: 4][route: {s}->https://bookstore.demoqa.com:443][total available: 1; route allocated: 1 of 5; total allocated: 1 of 10]
20:51:04.064 [main] DEBUG org.apache.http.impl.conn.PoolingHttpClientConnectionManager -- Connection manager is shutting down
20:51:04.064 [main] DEBUG org.apache.http.impl.conn.DefaultManagedHttpClientConnection -- http-outgoing-4: Close connection
20:51:04.064 [main] DEBUG org.apache.http.impl.conn.PoolingHttpClientConnectionManager -- Connection manager shut down
20:51:04.064 [main] DEBUG com.intuit.karate -- response time in milliseconds: 679
3 < 201
3 < Server: nginx/1.17.10 (Ubuntu)
3 < Date: Sun, 11 Jan 2026 23:51:03 GMT
3 < Content-Type: application/json; charset=utf-8
3 < Content-Length: 36
3 < Connection: keep-alive
3 < X-Powered-By: Express
3 < ETag: W/"24-2U7DK3nFgERO/LjA8mW3SiqYyFc"
{"books":[{"isbn":"9781449325862"}]}

20:51:04.066 [main] DEBUG com.jayway.jsonpath.internal.path.CompiledPath -- Evaluating path: $['books'][0]['isbn']
20:51:04.068 [main] DEBUG org.apache.http.client.protocol.RequestAddCookies -- CookieSpec selected: karate
20:51:04.068 [main] DEBUG org.apache.http.client.protocol.RequestAuthCache -- Auth cache not set in the context
20:51:04.068 [main] DEBUG com.intuit.karate -- request:
4 > GET https://bookstore.demoqa.com/BookStore/v1/Book?ISBN=9781449325862
4 > Authorization: Bearer eyJhbGciOiJIUzI1NiIsInR5cCI6IkpXVCJ9.eyJ1c2VyTmFtZSI6InVzZXJfNjUyOTQiLCJwYXNzd29yZCI6IlBhc3N3b3JkQDEyMyIsImlhdCI6MTc2ODE3NTQ2MH0.k2Bbq7tiCP2w1fLDmO9nJofBidck2FK-T4LxbpxfGGM
4 > Host: bookstore.demoqa.com
4 > Connection: Keep-Alive
4 > User-Agent: Apache-HttpClient/4.5.14 (Java/21.0.9)
4 > Accept-Encoding: gzip,deflate


20:51:04.068 [main] DEBUG org.apache.http.impl.conn.PoolingHttpClientConnectionManager -- Connection request: [route: {s}->https://bookstore.demoqa.com:443][total available: 0; route allocated: 0 of 5; total allocated: 0 of 10]
20:51:04.068 [main] DEBUG org.apache.http.impl.conn.PoolingHttpClientConnectionManager -- Connection leased: [id: 5][route: {s}->https://bookstore.demoqa.com:443][total available: 0; route allocated: 1 of 5; total allocated: 1 of 10]
20:51:04.068 [main] DEBUG org.apache.http.impl.execchain.MainClientExec -- Opening connection {s}->https://bookstore.demoqa.com:443
20:51:04.068 [main] DEBUG org.apache.http.impl.conn.DefaultHttpClientConnectionOperator -- Connecting to bookstore.demoqa.com/176.58.101.124:443
20:51:04.068 [main] DEBUG org.apache.http.conn.ssl.SSLConnectionSocketFactory -- Connecting socket to bookstore.demoqa.com/176.58.101.124:443 with timeout 60000
20:51:04.263 [main] DEBUG org.apache.http.conn.ssl.SSLConnectionSocketFactory -- Enabled protocols: [TLSv1.3, TLSv1.2]
20:51:04.263 [main] DEBUG org.apache.http.conn.ssl.SSLConnectionSocketFactory -- Enabled cipher suites:[TLS_AES_256_GCM_SHA384, TLS_AES_128_GCM_SHA256, TLS_CHACHA20_POLY1305_SHA256, TLS_ECDHE_ECDSA_WITH_AES_256_GCM_SHA384, TLS_ECDHE_ECDSA_WITH_AES_128_GCM_SHA256, TLS_ECDHE_ECDSA_WITH_CHACHA20_POLY1305_SHA256, TLS_ECDHE_RSA_WITH_AES_256_GCM_SHA384, TLS_ECDHE_RSA_WITH_CHACHA20_POLY1305_SHA256, TLS_ECDHE_RSA_WITH_AES_128_GCM_SHA256, TLS_DHE_RSA_WITH_AES_256_GCM_SHA384, TLS_DHE_RSA_WITH_CHACHA20_POLY1305_SHA256, TLS_DHE_DSS_WITH_AES_256_GCM_SHA384, TLS_DHE_RSA_WITH_AES_128_GCM_SHA256, TLS_DHE_DSS_WITH_AES_128_GCM_SHA256, TLS_ECDHE_ECDSA_WITH_AES_256_CBC_SHA384, TLS_ECDHE_RSA_WITH_AES_256_CBC_SHA384, TLS_ECDHE_ECDSA_WITH_AES_128_CBC_SHA256, TLS_ECDHE_RSA_WITH_AES_128_CBC_SHA256, TLS_DHE_RSA_WITH_AES_256_CBC_SHA256, TLS_DHE_DSS_WITH_AES_256_CBC_SHA256, TLS_DHE_RSA_WITH_AES_128_CBC_SHA256, TLS_DHE_DSS_WITH_AES_128_CBC_SHA256, TLS_ECDHE_ECDSA_WITH_AES_256_CBC_SHA, TLS_ECDHE_RSA_WITH_AES_256_CBC_SHA, TLS_ECDHE_ECDSA_WITH_AES_128_CBC_SHA, TLS_ECDHE_RSA_WITH_AES_128_CBC_SHA, TLS_DHE_RSA_WITH_AES_256_CBC_SHA, TLS_DHE_DSS_WITH_AES_256_CBC_SHA, TLS_DHE_RSA_WITH_AES_128_CBC_SHA, TLS_DHE_DSS_WITH_AES_128_CBC_SHA, TLS_RSA_WITH_AES_256_GCM_SHA384, TLS_RSA_WITH_AES_128_GCM_SHA256, TLS_RSA_WITH_AES_256_CBC_SHA256, TLS_RSA_WITH_AES_128_CBC_SHA256, TLS_RSA_WITH_AES_256_CBC_SHA, TLS_RSA_WITH_AES_128_CBC_SHA, TLS_EMPTY_RENEGOTIATION_INFO_SCSV]
20:51:04.263 [main] DEBUG org.apache.http.conn.ssl.SSLConnectionSocketFactory -- Starting handshake
20:51:04.460 [main] DEBUG org.apache.http.conn.ssl.SSLConnectionSocketFactory -- Secure session established
20:51:04.460 [main] DEBUG org.apache.http.conn.ssl.SSLConnectionSocketFactory --  negotiated protocol: TLSv1.3
20:51:04.460 [main] DEBUG org.apache.http.conn.ssl.SSLConnectionSocketFactory --  negotiated cipher suite: TLS_AES_256_GCM_SHA384
20:51:04.460 [main] DEBUG org.apache.http.conn.ssl.SSLConnectionSocketFactory --  peer principal: CN=bookstore.demoqa.com
20:51:04.460 [main] DEBUG org.apache.http.conn.ssl.SSLConnectionSocketFactory --  peer alternative names: [bookstore.demoqa.com, www.bookstore.demoqa.com]
20:51:04.460 [main] DEBUG org.apache.http.conn.ssl.SSLConnectionSocketFactory --  issuer principal: CN=R12, O=Let's Encrypt, C=US
20:51:04.461 [main] DEBUG org.apache.http.impl.conn.DefaultHttpClientConnectionOperator -- Connection established 192.168.1.76:57183<->176.58.101.124:443
20:51:04.461 [main] DEBUG org.apache.http.impl.conn.DefaultManagedHttpClientConnection -- http-outgoing-5: set socket timeout to 60000
20:51:04.461 [main] DEBUG org.apache.http.impl.execchain.MainClientExec -- Executing request GET /BookStore/v1/Book?ISBN=9781449325862 HTTP/1.1
20:51:04.461 [main] DEBUG org.apache.http.impl.execchain.MainClientExec -- Proxy auth state: UNCHALLENGED
20:51:04.461 [main] DEBUG org.apache.http.headers -- http-outgoing-5 >> GET /BookStore/v1/Book?ISBN=9781449325862 HTTP/1.1
20:51:04.461 [main] DEBUG org.apache.http.headers -- http-outgoing-5 >> Authorization: Bearer eyJhbGciOiJIUzI1NiIsInR5cCI6IkpXVCJ9.eyJ1c2VyTmFtZSI6InVzZXJfNjUyOTQiLCJwYXNzd29yZCI6IlBhc3N3b3JkQDEyMyIsImlhdCI6MTc2ODE3NTQ2MH0.k2Bbq7tiCP2w1fLDmO9nJofBidck2FK-T4LxbpxfGGM
20:51:04.461 [main] DEBUG org.apache.http.headers -- http-outgoing-5 >> Host: bookstore.demoqa.com
20:51:04.461 [main] DEBUG org.apache.http.headers -- http-outgoing-5 >> Connection: Keep-Alive
20:51:04.461 [main] DEBUG org.apache.http.headers -- http-outgoing-5 >> User-Agent: Apache-HttpClient/4.5.14 (Java/21.0.9)
20:51:04.461 [main] DEBUG org.apache.http.headers -- http-outgoing-5 >> Accept-Encoding: gzip,deflate
20:51:04.461 [main] DEBUG org.apache.http.wire -- http-outgoing-5 >> "GET /BookStore/v1/Book?ISBN=9781449325862 HTTP/1.1[\r][\n]"
20:51:04.461 [main] DEBUG org.apache.http.wire -- http-outgoing-5 >> "Authorization: Bearer eyJhbGciOiJIUzI1NiIsInR5cCI6IkpXVCJ9.eyJ1c2VyTmFtZSI6InVzZXJfNjUyOTQiLCJwYXNzd29yZCI6IlBhc3N3b3JkQDEyMyIsImlhdCI6MTc2ODE3NTQ2MH0.k2Bbq7tiCP2w1fLDmO9nJofBidck2FK-T4LxbpxfGGM[\r][\n]"
20:51:04.461 [main] DEBUG org.apache.http.wire -- http-outgoing-5 >> "Host: bookstore.demoqa.com[\r][\n]"
20:51:04.461 [main] DEBUG org.apache.http.wire -- http-outgoing-5 >> "Connection: Keep-Alive[\r][\n]"
20:51:04.461 [main] DEBUG org.apache.http.wire -- http-outgoing-5 >> "User-Agent: Apache-HttpClient/4.5.14 (Java/21.0.9)[\r][\n]"
20:51:04.461 [main] DEBUG org.apache.http.wire -- http-outgoing-5 >> "Accept-Encoding: gzip,deflate[\r][\n]"
20:51:04.461 [main] DEBUG org.apache.http.wire -- http-outgoing-5 >> "[\r][\n]"
20:51:04.657 [main] DEBUG org.apache.http.wire -- http-outgoing-5 << "HTTP/1.1 200 OK[\r][\n]"
20:51:04.657 [main] DEBUG org.apache.http.wire -- http-outgoing-5 << "Server: nginx/1.17.10 (Ubuntu)[\r][\n]"
20:51:04.657 [main] DEBUG org.apache.http.wire -- http-outgoing-5 << "Date: Sun, 11 Jan 2026 23:51:04 GMT[\r][\n]"
20:51:04.657 [main] DEBUG org.apache.http.wire -- http-outgoing-5 << "Content-Type: application/json; charset=utf-8[\r][\n]"
20:51:04.657 [main] DEBUG org.apache.http.wire -- http-outgoing-5 << "Content-Length: 549[\r][\n]"
20:51:04.657 [main] DEBUG org.apache.http.wire -- http-outgoing-5 << "Connection: keep-alive[\r][\n]"
20:51:04.657 [main] DEBUG org.apache.http.wire -- http-outgoing-5 << "X-Powered-By: Express[\r][\n]"
20:51:04.657 [main] DEBUG org.apache.http.wire -- http-outgoing-5 << "ETag: W/"225-6wegpsdSbs3Zjpo/5fzJQey1dRQ"[\r][\n]"
20:51:04.658 [main] DEBUG org.apache.http.wire -- http-outgoing-5 << "[\r][\n]"
20:51:04.658 [main] DEBUG org.apache.http.wire -- http-outgoing-5 << "{"isbn":"9781449325862","title":"Git Pocket Guide","subTitle":"A Working Introduction","author":"Richard E. Silverman","publish_date":"2020-06-04T08:48:39.000Z","publisher":"O'Reilly Media","pages":234,"description":"This pocket guide is the perfect on-the-job companion to Git, the distributed version control system. It provides a compact, readable introduction to Git for new users, as well as a reference to common commands and procedures for those of you with Git exp","website":"http://chimera.labs.oreilly.com/books/1230000000561/index.html"}"
20:51:04.658 [main] DEBUG org.apache.http.headers -- http-outgoing-5 << HTTP/1.1 200 OK
20:51:04.658 [main] DEBUG org.apache.http.headers -- http-outgoing-5 << Server: nginx/1.17.10 (Ubuntu)
20:51:04.658 [main] DEBUG org.apache.http.headers -- http-outgoing-5 << Date: Sun, 11 Jan 2026 23:51:04 GMT
20:51:04.658 [main] DEBUG org.apache.http.headers -- http-outgoing-5 << Content-Type: application/json; charset=utf-8
20:51:04.658 [main] DEBUG org.apache.http.headers -- http-outgoing-5 << Content-Length: 549
20:51:04.658 [main] DEBUG org.apache.http.headers -- http-outgoing-5 << Connection: keep-alive
20:51:04.658 [main] DEBUG org.apache.http.headers -- http-outgoing-5 << X-Powered-By: Express
20:51:04.658 [main] DEBUG org.apache.http.headers -- http-outgoing-5 << ETag: W/"225-6wegpsdSbs3Zjpo/5fzJQey1dRQ"
20:51:04.658 [main] DEBUG org.apache.http.impl.execchain.MainClientExec -- Connection can be kept alive indefinitely
20:51:04.658 [main] DEBUG org.apache.http.impl.conn.PoolingHttpClientConnectionManager -- Connection [id: 5][route: {s}->https://bookstore.demoqa.com:443] can be kept alive indefinitely
20:51:04.658 [main] DEBUG org.apache.http.impl.conn.DefaultManagedHttpClientConnection -- http-outgoing-5: set socket timeout to 0
20:51:04.658 [main] DEBUG org.apache.http.impl.conn.PoolingHttpClientConnectionManager -- Connection released: [id: 5][route: {s}->https://bookstore.demoqa.com:443][total available: 1; route allocated: 1 of 5; total allocated: 1 of 10]
20:51:04.658 [main] DEBUG org.apache.http.impl.conn.PoolingHttpClientConnectionManager -- Connection manager is shutting down
20:51:04.658 [main] DEBUG org.apache.http.impl.conn.DefaultManagedHttpClientConnection -- http-outgoing-5: Close connection
20:51:04.658 [main] DEBUG org.apache.http.impl.conn.PoolingHttpClientConnectionManager -- Connection manager shut down
20:51:04.658 [main] DEBUG com.intuit.karate -- response time in milliseconds: 590
4 < 200
4 < Server: nginx/1.17.10 (Ubuntu)
4 < Date: Sun, 11 Jan 2026 23:51:04 GMT
4 < Content-Type: application/json; charset=utf-8
4 < Content-Length: 549
4 < Connection: keep-alive
4 < X-Powered-By: Express
4 < ETag: W/"225-6wegpsdSbs3Zjpo/5fzJQey1dRQ"
{"isbn":"9781449325862","title":"Git Pocket Guide","subTitle":"A Working Introduction","author":"Richard E. Silverman","publish_date":"2020-06-04T08:48:39.000Z","publisher":"O'Reilly Media","pages":234,"description":"This pocket guide is the perfect on-the-job companion to Git, the distributed version control system. It provides a compact, readable introduction to Git for new users, as well as a reference to common commands and procedures for those of you with Git exp","website":"http://chimera.labs.oreilly.com/books/1230000000561/index.html"}

20:51:04.660 [main] DEBUG com.jayway.jsonpath.internal.path.CompiledPath -- Evaluating path: $['isbn']
20:51:04.661 [main] DEBUG com.jayway.jsonpath.internal.path.CompiledPath -- Evaluating path: $
20:51:04.662 [main] DEBUG org.apache.http.client.protocol.RequestAddCookies -- CookieSpec selected: karate
20:51:04.663 [main] DEBUG org.apache.http.client.protocol.RequestAuthCache -- Auth cache not set in the context
20:51:04.663 [main] DEBUG com.intuit.karate -- request:
5 > PUT https://bookstore.demoqa.com/BookStore/v1/Books/9781449325862
5 > Authorization: Bearer eyJhbGciOiJIUzI1NiIsInR5cCI6IkpXVCJ9.eyJ1c2VyTmFtZSI6InVzZXJfNjUyOTQiLCJwYXNzd29yZCI6IlBhc3N3b3JkQDEyMyIsImlhdCI6MTc2ODE3NTQ2MH0.k2Bbq7tiCP2w1fLDmO9nJofBidck2FK-T4LxbpxfGGM
5 > Content-Type: application/json; charset=UTF-8
5 > Content-Length: 72
5 > Host: bookstore.demoqa.com
5 > Connection: Keep-Alive
5 > User-Agent: Apache-HttpClient/4.5.14 (Java/21.0.9)
5 > Accept-Encoding: gzip,deflate
{"userId":"f3a75802-1e46-442c-8e96-1e58347b6990","isbn":"9781449331818"}

20:51:04.663 [main] DEBUG org.apache.http.impl.conn.PoolingHttpClientConnectionManager -- Connection request: [route: {s}->https://bookstore.demoqa.com:443][total available: 0; route allocated: 0 of 5; total allocated: 0 of 10]
20:51:04.663 [main] DEBUG org.apache.http.impl.conn.PoolingHttpClientConnectionManager -- Connection leased: [id: 6][route: {s}->https://bookstore.demoqa.com:443][total available: 0; route allocated: 1 of 5; total allocated: 1 of 10]
20:51:04.663 [main] DEBUG org.apache.http.impl.execchain.MainClientExec -- Opening connection {s}->https://bookstore.demoqa.com:443
20:51:04.663 [main] DEBUG org.apache.http.impl.conn.DefaultHttpClientConnectionOperator -- Connecting to bookstore.demoqa.com/176.58.101.124:443
20:51:04.663 [main] DEBUG org.apache.http.conn.ssl.SSLConnectionSocketFactory -- Connecting socket to bookstore.demoqa.com/176.58.101.124:443 with timeout 60000
20:51:04.857 [main] DEBUG org.apache.http.conn.ssl.SSLConnectionSocketFactory -- Enabled protocols: [TLSv1.3, TLSv1.2]
20:51:04.857 [main] DEBUG org.apache.http.conn.ssl.SSLConnectionSocketFactory -- Enabled cipher suites:[TLS_AES_256_GCM_SHA384, TLS_AES_128_GCM_SHA256, TLS_CHACHA20_POLY1305_SHA256, TLS_ECDHE_ECDSA_WITH_AES_256_GCM_SHA384, TLS_ECDHE_ECDSA_WITH_AES_128_GCM_SHA256, TLS_ECDHE_ECDSA_WITH_CHACHA20_POLY1305_SHA256, TLS_ECDHE_RSA_WITH_AES_256_GCM_SHA384, TLS_ECDHE_RSA_WITH_CHACHA20_POLY1305_SHA256, TLS_ECDHE_RSA_WITH_AES_128_GCM_SHA256, TLS_DHE_RSA_WITH_AES_256_GCM_SHA384, TLS_DHE_RSA_WITH_CHACHA20_POLY1305_SHA256, TLS_DHE_DSS_WITH_AES_256_GCM_SHA384, TLS_DHE_RSA_WITH_AES_128_GCM_SHA256, TLS_DHE_DSS_WITH_AES_128_GCM_SHA256, TLS_ECDHE_ECDSA_WITH_AES_256_CBC_SHA384, TLS_ECDHE_RSA_WITH_AES_256_CBC_SHA384, TLS_ECDHE_ECDSA_WITH_AES_128_CBC_SHA256, TLS_ECDHE_RSA_WITH_AES_128_CBC_SHA256, TLS_DHE_RSA_WITH_AES_256_CBC_SHA256, TLS_DHE_DSS_WITH_AES_256_CBC_SHA256, TLS_DHE_RSA_WITH_AES_128_CBC_SHA256, TLS_DHE_DSS_WITH_AES_128_CBC_SHA256, TLS_ECDHE_ECDSA_WITH_AES_256_CBC_SHA, TLS_ECDHE_RSA_WITH_AES_256_CBC_SHA, TLS_ECDHE_ECDSA_WITH_AES_128_CBC_SHA, TLS_ECDHE_RSA_WITH_AES_128_CBC_SHA, TLS_DHE_RSA_WITH_AES_256_CBC_SHA, TLS_DHE_DSS_WITH_AES_256_CBC_SHA, TLS_DHE_RSA_WITH_AES_128_CBC_SHA, TLS_DHE_DSS_WITH_AES_128_CBC_SHA, TLS_RSA_WITH_AES_256_GCM_SHA384, TLS_RSA_WITH_AES_128_GCM_SHA256, TLS_RSA_WITH_AES_256_CBC_SHA256, TLS_RSA_WITH_AES_128_CBC_SHA256, TLS_RSA_WITH_AES_256_CBC_SHA, TLS_RSA_WITH_AES_128_CBC_SHA, TLS_EMPTY_RENEGOTIATION_INFO_SCSV]
20:51:04.857 [main] DEBUG org.apache.http.conn.ssl.SSLConnectionSocketFactory -- Starting handshake
20:51:05.052 [main] DEBUG org.apache.http.conn.ssl.SSLConnectionSocketFactory -- Secure session established
20:51:05.052 [main] DEBUG org.apache.http.conn.ssl.SSLConnectionSocketFactory --  negotiated protocol: TLSv1.3
20:51:05.052 [main] DEBUG org.apache.http.conn.ssl.SSLConnectionSocketFactory --  negotiated cipher suite: TLS_AES_256_GCM_SHA384
20:51:05.052 [main] DEBUG org.apache.http.conn.ssl.SSLConnectionSocketFactory --  peer principal: CN=bookstore.demoqa.com
20:51:05.052 [main] DEBUG org.apache.http.conn.ssl.SSLConnectionSocketFactory --  peer alternative names: [bookstore.demoqa.com, www.bookstore.demoqa.com]
20:51:05.052 [main] DEBUG org.apache.http.conn.ssl.SSLConnectionSocketFactory --  issuer principal: CN=R12, O=Let's Encrypt, C=US
20:51:05.052 [main] DEBUG org.apache.http.impl.conn.DefaultHttpClientConnectionOperator -- Connection established 192.168.1.76:57184<->176.58.101.124:443
20:51:05.053 [main] DEBUG org.apache.http.impl.conn.DefaultManagedHttpClientConnection -- http-outgoing-6: set socket timeout to 60000
20:51:05.053 [main] DEBUG org.apache.http.impl.execchain.MainClientExec -- Executing request PUT /BookStore/v1/Books/9781449325862 HTTP/1.1
20:51:05.053 [main] DEBUG org.apache.http.impl.execchain.MainClientExec -- Proxy auth state: UNCHALLENGED
20:51:05.053 [main] DEBUG org.apache.http.headers -- http-outgoing-6 >> PUT /BookStore/v1/Books/9781449325862 HTTP/1.1
20:51:05.053 [main] DEBUG org.apache.http.headers -- http-outgoing-6 >> Authorization: Bearer eyJhbGciOiJIUzI1NiIsInR5cCI6IkpXVCJ9.eyJ1c2VyTmFtZSI6InVzZXJfNjUyOTQiLCJwYXNzd29yZCI6IlBhc3N3b3JkQDEyMyIsImlhdCI6MTc2ODE3NTQ2MH0.k2Bbq7tiCP2w1fLDmO9nJofBidck2FK-T4LxbpxfGGM
20:51:05.053 [main] DEBUG org.apache.http.headers -- http-outgoing-6 >> Content-Type: application/json; charset=UTF-8
20:51:05.053 [main] DEBUG org.apache.http.headers -- http-outgoing-6 >> Content-Length: 72
20:51:05.053 [main] DEBUG org.apache.http.headers -- http-outgoing-6 >> Host: bookstore.demoqa.com
20:51:05.053 [main] DEBUG org.apache.http.headers -- http-outgoing-6 >> Connection: Keep-Alive
20:51:05.053 [main] DEBUG org.apache.http.headers -- http-outgoing-6 >> User-Agent: Apache-HttpClient/4.5.14 (Java/21.0.9)
20:51:05.053 [main] DEBUG org.apache.http.headers -- http-outgoing-6 >> Accept-Encoding: gzip,deflate
20:51:05.053 [main] DEBUG org.apache.http.wire -- http-outgoing-6 >> "PUT /BookStore/v1/Books/9781449325862 HTTP/1.1[\r][\n]"
20:51:05.053 [main] DEBUG org.apache.http.wire -- http-outgoing-6 >> "Authorization: Bearer eyJhbGciOiJIUzI1NiIsInR5cCI6IkpXVCJ9.eyJ1c2VyTmFtZSI6InVzZXJfNjUyOTQiLCJwYXNzd29yZCI6IlBhc3N3b3JkQDEyMyIsImlhdCI6MTc2ODE3NTQ2MH0.k2Bbq7tiCP2w1fLDmO9nJofBidck2FK-T4LxbpxfGGM[\r][\n]"
20:51:05.053 [main] DEBUG org.apache.http.wire -- http-outgoing-6 >> "Content-Type: application/json; charset=UTF-8[\r][\n]"
20:51:05.053 [main] DEBUG org.apache.http.wire -- http-outgoing-6 >> "Content-Length: 72[\r][\n]"
20:51:05.053 [main] DEBUG org.apache.http.wire -- http-outgoing-6 >> "Host: bookstore.demoqa.com[\r][\n]"
20:51:05.053 [main] DEBUG org.apache.http.wire -- http-outgoing-6 >> "Connection: Keep-Alive[\r][\n]"
20:51:05.053 [main] DEBUG org.apache.http.wire -- http-outgoing-6 >> "User-Agent: Apache-HttpClient/4.5.14 (Java/21.0.9)[\r][\n]"
20:51:05.053 [main] DEBUG org.apache.http.wire -- http-outgoing-6 >> "Accept-Encoding: gzip,deflate[\r][\n]"
[...]
[THYMELEAF]             * [* {th:height,data-th-height}] [1000]: org.thymeleaf.standard.processor.StandardRemovableAttributeTagProcessor
[THYMELEAF]             * [* {th:scheme,data-th-scheme}] [1000]: org.thymeleaf.standard.processor.StandardRemovableAttributeTagProcessor
[THYMELEAF]             * [* {th:audio,data-th-audio}] [1000]: org.thymeleaf.standard.processor.StandardRemovableAttributeTagProcessor
[THYMELEAF]             * [* {th:vspace,data-th-vspace}] [1000]: org.thymeleaf.standard.processor.StandardRemovableAttributeTagProcessor
[THYMELEAF]             * [* {th:accept-charset,data-th-accept-charset}] [1000]: org.thymeleaf.standard.processor.StandardRemovableAttributeTagProcessor
[THYMELEAF]             * [* {th:sizes,data-th-sizes}] [1000]: org.thymeleaf.standard.processor.StandardRemovableAttributeTagProcessor
[THYMELEAF]             * [* {th:border,data-th-border}] [1000]: org.thymeleaf.standard.processor.StandardRemovableAttributeTagProcessor
[THYMELEAF]             * [* {th:frame,data-th-frame}] [1000]: org.thymeleaf.standard.processor.StandardRemovableAttributeTagProcessor
[THYMELEAF]             * [* {th:classid,data-th-classid}] [1000]: org.thymeleaf.standard.processor.StandardRemovableAttributeTagProcessor
[THYMELEAF]             * [* {th:codetype,data-th-codetype}] [1000]: org.thymeleaf.standard.processor.StandardRemovableAttributeTagProcessor
[THYMELEAF]             * [* {th:class,data-th-class}] [1000]: org.thymeleaf.standard.processor.StandardRemovableAttributeTagProcessor
[THYMELEAF]             * [* {th:valuetype,data-th-valuetype}] [1000]: org.thymeleaf.standard.processor.StandardRemovableAttributeTagProcessor
[THYMELEAF]             * [* {th:icon,data-th-icon}] [1000]: org.thymeleaf.standard.processor.StandardRemovableAttributeTagProcessor
[THYMELEAF]             * [* {th:longdesc,data-th-longdesc}] [1000]: org.thymeleaf.standard.processor.StandardRemovableAttributeTagProcessor
[THYMELEAF]             * [* {th:marginheight,data-th-marginheight}] [1000]: org.thymeleaf.standard.processor.StandardRemovableAttributeTagProcessor
[THYMELEAF]             * [* {th:accesskey,data-th-accesskey}] [1000]: org.thymeleaf.standard.processor.StandardRemovableAttributeTagProcessor
[THYMELEAF]             * [* {th:contenteditable,data-th-contenteditable}] [1000]: org.thymeleaf.standard.processor.StandardRemovableAttributeTagProcessor
[THYMELEAF]             * [* {th:standby,data-th-standby}] [1000]: org.thymeleaf.standard.processor.StandardRemovableAttributeTagProcessor
[THYMELEAF]             * [* {th:summary,data-th-summary}] [1000]: org.thymeleaf.standard.processor.StandardRemovableAttributeTagProcessor
[THYMELEAF]             * [* {th:http-equiv,data-th-http-equiv}] [1000]: org.thymeleaf.standard.processor.StandardRemovableAttributeTagProcessor
[THYMELEAF]             * [* {th:rel,data-th-rel}] [1000]: org.thymeleaf.standard.processor.StandardRemovableAttributeTagProcessor
[THYMELEAF]             * [* {th:data,data-th-data}] [1000]: org.thymeleaf.standard.processor.StandardRemovableAttributeTagProcessor
[THYMELEAF]             * [* {th:size,data-th-size}] [1000]: org.thymeleaf.standard.processor.StandardRemovableAttributeTagProcessor
[THYMELEAF]             * [* {th:optimum,data-th-optimum}] [1000]: org.thymeleaf.standard.processor.StandardRemovableAttributeTagProcessor
[THYMELEAF]             * [* {th:rules,data-th-rules}] [1000]: org.thymeleaf.standard.processor.StandardRemovableAttributeTagProcessor
[THYMELEAF]             * [* {th:dir,data-th-dir}] [1000]: org.thymeleaf.standard.processor.StandardRemovableAttributeTagProcessor
[THYMELEAF]             * [* {th:lang,data-th-lang}] [1000]: org.thymeleaf.standard.processor.StandardRemovableAttributeTagProcessor
[THYMELEAF]             * [* {th:accept,data-th-accept}] [1000]: org.thymeleaf.standard.processor.StandardRemovableAttributeTagProcessor
[THYMELEAF]             * [* {th:cellpadding,data-th-cellpadding}] [1000]: org.thymeleaf.standard.processor.StandardRemovableAttributeTagProcessor
[THYMELEAF]             * [* {th:formenctype,data-th-formenctype}] [1000]: org.thymeleaf.standard.processor.StandardRemovableAttributeTagProcessor
[THYMELEAF]             * [* {th:keytype,data-th-keytype}] [1000]: org.thymeleaf.standard.processor.StandardRemovableAttributeTagProcessor
[THYMELEAF]             * [* {th:charset,data-th-charset}] [1000]: org.thymeleaf.standard.processor.StandardRemovableAttributeTagProcessor
[THYMELEAF]             * [* {th:content,data-th-content}] [1000]: org.thymeleaf.standard.processor.StandardRemovableAttributeTagProcessor
[THYMELEAF]             * [* {th:headers,data-th-headers}] [1000]: org.thymeleaf.standard.processor.StandardRemovableAttributeTagProcessor
[THYMELEAF]             * [* {th:dropzone,data-th-dropzone}] [1000]: org.thymeleaf.standard.processor.StandardRemovableAttributeTagProcessor
[THYMELEAF]             * [* {th:sandbox,data-th-sandbox}] [1000]: org.thymeleaf.standard.processor.StandardRemovableAttributeTagProcessor
[THYMELEAF]             * [* {th:srclang,data-th-srclang}] [1000]: org.thymeleaf.standard.processor.StandardRemovableAttributeTagProcessor
[THYMELEAF]             * [* {th:width,data-th-width}] [1000]: org.thymeleaf.standard.processor.StandardRemovableAttributeTagProcessor
[THYMELEAF]             * [* {th:challenge,data-th-challenge}] [1000]: org.thymeleaf.standard.processor.StandardRemovableAttributeTagProcessor
[THYMELEAF]             * [* {th:src,data-th-src}] [1000]: org.thymeleaf.standard.processor.StandardSrcTagProcessor
[THYMELEAF]             * [* {th:value,data-th-value}] [1000]: org.thymeleaf.standard.processor.StandardValueTagProcessor
[THYMELEAF]             * [* {th:xmlbase,data-th-xmlbase}] [1000]: org.thymeleaf.standard.processor.StandardXmlBaseTagProcessor
[THYMELEAF]             * [* {th:xmllang,data-th-xmllang}] [1000]: org.thymeleaf.standard.processor.StandardXmlLangTagProcessor
[THYMELEAF]             * [* {xmlns:th}] [1000]: org.thymeleaf.standard.processor.StandardXmlNsTagProcessor
[THYMELEAF]             * [* {th:xmlspace,data-th-xmlspace}] [1000]: org.thymeleaf.standard.processor.StandardXmlSpaceTagProcessor
[THYMELEAF]             * [* {th:classappend,data-th-classappend}] [1100]: org.thymeleaf.standard.processor.StandardClassappendTagProcessor
[THYMELEAF]             * [* {th:styleappend,data-th-styleappend}] [1100]: org.thymeleaf.standard.processor.StandardStyleappendTagProcessor
[THYMELEAF]             * [* {th:text,data-th-text}] [1300]: org.thymeleaf.standard.processor.StandardTextTagProcessor
[THYMELEAF]             * [* {th:utext,data-th-utext}] [1400]: org.thymeleaf.standard.processor.StandardUtextTagProcessor
[THYMELEAF]             * [* {th:fragment,data-th-fragment}] [1500]: org.thymeleaf.standard.processor.StandardFragmentTagProcessor
[THYMELEAF]             * [* {th:assert,data-th-assert}] [1550]: org.thymeleaf.standard.processor.StandardAssertTagProcessor
[THYMELEAF]             * [* {th:remove,data-th-remove}] [1600]: org.thymeleaf.standard.processor.StandardRemoveTagProcessor
[THYMELEAF]             * [* {th:ref,data-th-ref}] [10000]: org.thymeleaf.standard.processor.StandardRefAttributeTagProcessor
[THYMELEAF]             * [{th:block,th-block} *] [100000]: org.thymeleaf.standard.processor.StandardBlockTagProcessor
[THYMELEAF]             * [* th:*] [2147483647]: org.thymeleaf.standard.processor.StandardDefaultAttributesTagProcessor
[THYMELEAF]         * Text Processors by [precedence]:
[THYMELEAF]             * [1000]: org.thymeleaf.standard.processor.StandardInliningTextProcessor
[THYMELEAF]         * DOCTYPE Processors by [precedence]:
[THYMELEAF]             * [1000]: org.thymeleaf.standard.processor.StandardTranslationDocTypeProcessor
[THYMELEAF]         * CDATA Section Processors by [precedence]:
[THYMELEAF]             * [1000]: org.thymeleaf.standard.processor.StandardInliningCDATASectionProcessor
[THYMELEAF]         * Comment Processors by [precedence]:
[THYMELEAF]             * [1000]: org.thymeleaf.standard.processor.StandardInliningCommentProcessor
[THYMELEAF]             * [1100]: org.thymeleaf.standard.processor.StandardConditionalCommentProcessor
[THYMELEAF]     * Processors for Template Mode: XML
[THYMELEAF]         * Element Tag Processors by [matching element and attribute name] [precedence]:
[THYMELEAF]             * [* {th:include}] [100]: org.thymeleaf.standard.processor.StandardIncludeTagProcessor
[THYMELEAF]             * [* {th:insert}] [100]: org.thymeleaf.standard.processor.StandardInsertTagProcessor
[THYMELEAF]             * [* {th:replace}] [100]: org.thymeleaf.standard.processor.StandardReplaceTagProcessor
[THYMELEAF]             * [* {th:each}] [200]: com.intuit.karate.template.KarateEachTagProcessor
[THYMELEAF]             * [* {th:switch}] [250]: org.thymeleaf.standard.processor.StandardSwitchTagProcessor
[THYMELEAF]             * [* {th:case}] [275]: org.thymeleaf.standard.processor.StandardCaseTagProcessor
[THYMELEAF]             * [* {th:if}] [300]: org.thymeleaf.standard.processor.StandardIfTagProcessor
[THYMELEAF]             * [* {th:unless}] [400]: org.thymeleaf.standard.processor.StandardUnlessTagProcessor
[THYMELEAF]             * [* {th:object}] [500]: org.thymeleaf.standard.processor.StandardObjectTagProcessor
[THYMELEAF]             * [* {th:with}] [600]: com.intuit.karate.template.KarateWithTagProcessor
[THYMELEAF]             * [* {th:attr}] [700]: com.intuit.karate.template.KarateAttributeTagProcessor.KarateAttrTagProcessor
[THYMELEAF]             * [* {th:attrappend}] [900]: com.intuit.karate.template.KarateAttributeTagProcessor.KarateAttrappendTagProcessor
[THYMELEAF]             * [* {th:attrprepend}] [900]: com.intuit.karate.template.KarateAttributeTagProcessor.KarateAttrprependTagProcessor
[THYMELEAF]             * [* {th:inline}] [1000]: org.thymeleaf.standard.processor.StandardInlineXMLTagProcessor
[THYMELEAF]             * [* {xmlns:th}] [1000]: org.thymeleaf.standard.processor.StandardXmlNsTagProcessor
[THYMELEAF]             * [* {th:text}] [1300]: org.thymeleaf.standard.processor.StandardTextTagProcessor
[THYMELEAF]             * [* {th:utext}] [1400]: org.thymeleaf.standard.processor.StandardUtextTagProcessor
[THYMELEAF]             * [* {th:fragment}] [1500]: org.thymeleaf.standard.processor.StandardFragmentTagProcessor
[THYMELEAF]             * [* {th:assert}] [1550]: org.thymeleaf.standard.processor.StandardAssertTagProcessor
[THYMELEAF]             * [* {th:remove}] [1600]: org.thymeleaf.standard.processor.StandardRemoveTagProcessor
[THYMELEAF]             * [* {th:ref}] [10000]: org.thymeleaf.standard.processor.StandardRefAttributeTagProcessor
[THYMELEAF]             * [{th:block} *] [100000]: org.thymeleaf.standard.processor.StandardBlockTagProcessor
[THYMELEAF]             * [* th:*] [2147483647]: org.thymeleaf.standard.processor.StandardDefaultAttributesTagProcessor
[THYMELEAF]         * Text Processors by [precedence]:
[THYMELEAF]             * [1000]: org.thymeleaf.standard.processor.StandardInliningTextProcessor
[THYMELEAF]         * CDATA Section Processors by [precedence]:
[THYMELEAF]             * [1000]: org.thymeleaf.standard.processor.StandardInliningCDATASectionProcessor
[THYMELEAF]         * Comment Processors by [precedence]:
[THYMELEAF]             * [1000]: org.thymeleaf.standard.processor.StandardInliningCommentProcessor
[THYMELEAF]     * Processors for Template Mode: TEXT
[THYMELEAF]         * Element Tag Processors by [matching element and attribute name] [precedence]:
[THYMELEAF]             * [* {th:insert}] [100]: org.thymeleaf.standard.processor.StandardInsertTagProcessor
[THYMELEAF]             * [* {th:replace}] [100]: org.thymeleaf.standard.processor.StandardReplaceTagProcessor
[THYMELEAF]             * [* {th:each}] [200]: com.intuit.karate.template.KarateEachTagProcessor
[THYMELEAF]             * [* {th:switch}] [250]: org.thymeleaf.standard.processor.StandardSwitchTagProcessor
[THYMELEAF]             * [* {th:case}] [275]: org.thymeleaf.standard.processor.StandardCaseTagProcessor
[THYMELEAF]             * [* {th:if}] [300]: org.thymeleaf.standard.processor.StandardIfTagProcessor
[THYMELEAF]             * [* {th:unless}] [400]: org.thymeleaf.standard.processor.StandardUnlessTagProcessor
[THYMELEAF]             * [* {th:object}] [500]: org.thymeleaf.standard.processor.StandardObjectTagProcessor
[THYMELEAF]             * [* {th:with}] [600]: com.intuit.karate.template.KarateWithTagProcessor
[THYMELEAF]             * [* {th:inline}] [1000]: org.thymeleaf.standard.processor.StandardInlineTextualTagProcessor
[THYMELEAF]             * [* {th:text}] [1300]: org.thymeleaf.standard.processor.StandardTextTagProcessor
[THYMELEAF]             * [* {th:utext}] [1400]: org.thymeleaf.standard.processor.StandardUtextTagProcessor
[THYMELEAF]             * [* {th:assert}] [1550]: org.thymeleaf.standard.processor.StandardAssertTagProcessor
[THYMELEAF]             * [* {th:remove}] [1600]: org.thymeleaf.standard.processor.StandardRemoveTagProcessor
[THYMELEAF]             * [{th:block} *] [100000]: org.thymeleaf.standard.processor.StandardBlockTagProcessor
[THYMELEAF]             * [* 100000] [org.thymeleaf.standard.processor.StandardBlockTagProcessor]: {}
[THYMELEAF]         * Text Processors by [precedence]:
[THYMELEAF]             * [1000]: org.thymeleaf.standard.processor.StandardInliningTextProcessor
[THYMELEAF]     * Processors for Template Mode: JAVASCRIPT
[THYMELEAF]         * Element Tag Processors by [matching element and attribute name] [precedence]:
[THYMELEAF]             * [* {th:insert}] [100]: org.thymeleaf.standard.processor.StandardInsertTagProcessor
[THYMELEAF]             * [* {th:replace}] [100]: org.thymeleaf.standard.processor.StandardReplaceTagProcessor
[THYMELEAF]             * [* {th:each}] [200]: com.intuit.karate.template.KarateEachTagProcessor
[THYMELEAF]             * [* {th:switch}] [250]: org.thymeleaf.standard.processor.StandardSwitchTagProcessor
[THYMELEAF]             * [* {th:case}] [275]: org.thymeleaf.standard.processor.StandardCaseTagProcessor
[THYMELEAF]             * [* {th:if}] [300]: org.thymeleaf.standard.processor.StandardIfTagProcessor
[THYMELEAF]             * [* {th:unless}] [400]: org.thymeleaf.standard.processor.StandardUnlessTagProcessor
[THYMELEAF]             * [* {th:object}] [500]: org.thymeleaf.standard.processor.StandardObjectTagProcessor
[THYMELEAF]             * [* {th:with}] [600]: com.intuit.karate.template.KarateWithTagProcessor
[THYMELEAF]             * [* {th:inline}] [1000]: org.thymeleaf.standard.processor.StandardInlineTextualTagProcessor
[THYMELEAF]             * [* {th:text}] [1300]: org.thymeleaf.standard.processor.StandardTextTagProcessor
[THYMELEAF]             * [* {th:utext}] [1400]: org.thymeleaf.standard.processor.StandardUtextTagProcessor
[THYMELEAF]             * [* {th:assert}] [1550]: org.thymeleaf.standard.processor.StandardAssertTagProcessor
[THYMELEAF]             * [* {th:remove}] [1600]: org.thymeleaf.standard.processor.StandardRemoveTagProcessor
[THYMELEAF]             * [{th:block} *] [100000]: org.thymeleaf.standard.processor.StandardBlockTagProcessor
[THYMELEAF]             * [* 100000] [org.thymeleaf.standard.processor.StandardBlockTagProcessor]: {}
[THYMELEAF]         * Text Processors by [precedence]:
[THYMELEAF]             * [1000]: org.thymeleaf.standard.processor.StandardInliningTextProcessor
[THYMELEAF]     * Processors for Template Mode: CSS
[THYMELEAF]         * Element Tag Processors by [matching element and attribute name] [precedence]:
[THYMELEAF]             * [* {th:insert}] [100]: org.thymeleaf.standard.processor.StandardInsertTagProcessor
[THYMELEAF]             * [* {th:replace}] [100]: org.thymeleaf.standard.processor.StandardReplaceTagProcessor
[THYMELEAF]             * [* {th:each}] [200]: com.intuit.karate.template.KarateEachTagProcessor
[THYMELEAF]             * [* {th:switch}] [250]: org.thymeleaf.standard.processor.StandardSwitchTagProcessor
[THYMELEAF]             * [* {th:case}] [275]: org.thymeleaf.standard.processor.StandardCaseTagProcessor
[THYMELEAF]             * [* {th:if}] [300]: org.thymeleaf.standard.processor.StandardIfTagProcessor
[THYMELEAF]             * [* {th:unless}] [400]: org.thymeleaf.standard.processor.StandardUnlessTagProcessor
[THYMELEAF]             * [* {th:object}] [500]: org.thymeleaf.standard.processor.StandardObjectTagProcessor
[THYMELEAF]             * [* {th:with}] [600]: com.intuit.karate.template.KarateWithTagProcessor
[THYMELEAF]             * [* {th:inline}] [1000]: org.thymeleaf.standard.processor.StandardInlineTextualTagProcessor
[THYMELEAF]             * [* {th:text}] [1300]: org.thymeleaf.standard.processor.StandardTextTagProcessor
[THYMELEAF]             * [* {th:utext}] [1400]: org.thymeleaf.standard.processor.StandardUtextTagProcessor
[THYMELEAF]             * [* {th:assert}] [1550]: org.thymeleaf.standard.processor.StandardAssertTagProcessor
[THYMELEAF]             * [* {th:remove}] [1600]: org.thymeleaf.standard.processor.StandardRemoveTagProcessor
[THYMELEAF]             * [* 100000] [org.thymeleaf.standard.processor.StandardBlockTagProcessor]: {}
[THYMELEAF]             * [{th:block} *] [100000]: org.thymeleaf.standard.processor.StandardBlockTagProcessor
[THYMELEAF]         * Text Processors by [precedence]:
[THYMELEAF]             * [1000]: org.thymeleaf.standard.processor.StandardInliningTextProcessor
[THYMELEAF]     * Expression Objects:
[THYMELEAF]         * #ctx
[THYMELEAF]         * #root
[THYMELEAF]         * #vars
[THYMELEAF]         * #object
[THYMELEAF]         * #locale
[THYMELEAF]         * #conversions
[THYMELEAF]         * #uris
[THYMELEAF]         * #temporals
[THYMELEAF]         * #calendars
[THYMELEAF]         * #dates
[THYMELEAF]         * #bools
[THYMELEAF]         * #numbers
[THYMELEAF]         * #objects
[THYMELEAF]         * #strings
[THYMELEAF]         * #arrays
[THYMELEAF]         * #lists
[THYMELEAF]         * #sets
[THYMELEAF]         * #maps
[THYMELEAF]         * #aggregates
[THYMELEAF]         * #messages
[THYMELEAF]         * #ids
[THYMELEAF]         * #execInfo
[THYMELEAF]         * #request
[THYMELEAF]         * #response
[THYMELEAF]         * #session
[THYMELEAF]         * #servletContext
[THYMELEAF]     * Execution Attributes:
[THYMELEAF]         * "StandardExpressionParser": com.intuit.karate.template.KarateStandardDialect@1ff542a3
[THYMELEAF]         * "StandardJavaScriptSerializer": org.thymeleaf.standard.serializer.StandardJavaScriptSerializer@35524549
[THYMELEAF]         * "StandardCSSSerializer": org.thymeleaf.standard.serializer.StandardCSSSerializer@23ec63af
[THYMELEAF]         * "StandardVariableExpressionEvaluator": com.intuit.karate.template.KarateStandardDialect@1ff542a3
[THYMELEAF]         * "StandardConversionService": org.thymeleaf.standard.expression.StandardConversionService@280d6a20
[THYMELEAF] * Dialect [2 of 2]: karate (com.intuit.karate.template.KarateScriptDialect)
[THYMELEAF]     * Prefix: "ka"
[THYMELEAF]     * Processors for Template Mode: HTML
[THYMELEAF]         * Element Tag Processors by [matching element and attribute name] [precedence]:
[THYMELEAF]             * [* {src}] [1000]: com.intuit.karate.template.KaScriptAttrProcessor
[THYMELEAF]         * Element Model Processors by [matching element and attribute name] [precedence]:
[THYMELEAF]             * [{script} {ka:scope,data-ka-scope}] [1000]: com.intuit.karate.template.KaScriptElemProcessor
[THYMELEAF]             * [* {ka:set,data-ka-set}] [1000]: com.intuit.karate.template.KaSetElemProcessor
[THYMELEAF] TEMPLATE ENGINE CONFIGURED OK
20:51:06.459 [main] DEBUG org.thymeleaf.TemplateEngine -- [THYMELEAF] TEMPLATE ENGINE INITIALIZED

HTML report: (paste into browser to view) | Karate version: 1.5.0
file:///C:/Users/jonjon/DesafioBookStore/target/karate-reports/karate-summary.html
===================================================================

]]></system-out>
  </testcase>
</testsuite>